This is pdfTeX, Version 3.14159265-2.6-1.40.20 (TeX Live 2019) (preloaded format=pdflatex 2019.8.8)  3 OCT 2019 21:49
entering extended mode
 restricted \write18 enabled.
 file:line:error style messages enabled.
 %&-line parsing enabled.
**"/Users/manueldieguez/Google Drive/Instituto Tecnologico de Buenos Aires/Teoria de Circuitos/Trabajos Practicos/TP03/Informe/Informe TP02 - Grupo 4.tex"
(/Users/manueldieguez/Google Drive/Instituto Tecnologico de Buenos Aires/Teoria de Circuitos/Trabajos Practicos/TP03/Informe/Informe TP02 - Grupo 4.tex
LaTeX2e <2018-12-01>
(/Users/manueldieguez/Google Drive/Instituto Tecnologico de Buenos Aires/Teoria de Circuitos/Trabajos Practicos/TP03/Informe/preamble.tex (/usr/local/texlive/2019/texmf-dist/tex/latex/base/article.cls
Document Class: article 2018/09/03 v1.4i Standard LaTeX document class
(/usr/local/texlive/2019/texmf-dist/tex/latex/base/size10.clo
File: size10.clo 2018/09/03 v1.4i Standard LaTeX file (size option)
)
\c@part=\count80
\c@section=\count81
\c@subsection=\count82
\c@subsubsection=\count83
\c@paragraph=\count84
\c@subparagraph=\count85
\c@figure=\count86
\c@table=\count87
\abovecaptionskip=\skip41
\belowcaptionskip=\skip42
\bibindent=\dimen102
) (/usr/local/texlive/2019/texmf-dist/tex/latex/base/fontenc.sty
Package: fontenc 2018/08/11 v2.0j Standard LaTeX package
 (/usr/local/texlive/2019/texmf-dist/tex/latex/base/t1enc.def
File: t1enc.def 2018/08/11 v2.0j Standard LaTeX file
LaTeX Font Info:    Redeclaring font encoding T1 on input line 48.
)) (/usr/local/texlive/2019/texmf-dist/tex/lualatex/luainputenc/luainputenc.sty
Package: luainputenc 2010/11/19 v0.973 inputenc package for LuaTeX
 (/usr/local/texlive/2019/texmf-dist/tex/generic/oberdiek/ifluatex.sty
Package: ifluatex 2016/05/16 v1.4 Provides the ifluatex switch (HO)
Package ifluatex Info: LuaTeX not detected.
) (/usr/local/texlive/2019/texmf-dist/tex/generic/ifxetex/ifxetex.sty
Package: ifxetex 2010/09/12 v0.6 Provides ifxetex conditional
) (/usr/local/texlive/2019/texmf-dist/tex/latex/base/inputenc.sty
Package: inputenc 2018/08/11 v1.3c Input encoding file
\inpenc@prehook=\toks14
\inpenc@posthook=\toks15
)) (/usr/local/texlive/2019/texmf-dist/tex/latex/geometry/geometry.sty
Package: geometry 2018/04/16 v5.8 Page Geometry
 (/usr/local/texlive/2019/texmf-dist/tex/latex/graphics/keyval.sty
Package: keyval 2014/10/28 v1.15 key=value parser (DPC)
\KV@toks@=\toks16
) (/usr/local/texlive/2019/texmf-dist/tex/generic/oberdiek/ifpdf.sty
Package: ifpdf 2018/09/07 v3.3 Provides the ifpdf switch
) (/usr/local/texlive/2019/texmf-dist/tex/generic/oberdiek/ifvtex.sty
Package: ifvtex 2016/05/16 v1.6 Detect VTeX and its facilities (HO)
Package ifvtex Info: VTeX not detected.
)
\Gm@cnth=\count88
\Gm@cntv=\count89
\c@Gm@tempcnt=\count90
\Gm@bindingoffset=\dimen103
\Gm@wd@mp=\dimen104
\Gm@odd@mp=\dimen105
\Gm@even@mp=\dimen106
\Gm@layoutwidth=\dimen107
\Gm@layoutheight=\dimen108
\Gm@layouthoffset=\dimen109
\Gm@layoutvoffset=\dimen110
\Gm@dimlist=\toks17
) (/usr/local/texlive/2019/texmf-dist/tex/latex/float/float.sty
Package: float 2001/11/08 v1.3d Float enhancements (AL)
\c@float@type=\count91
\float@exts=\toks18
\float@box=\box27
\@float@everytoks=\toks19
\@floatcapt=\box28
) (/usr/local/texlive/2019/texmf-dist/tex/latex/base/textcomp.sty
Package: textcomp 2018/08/11 v2.0j Standard LaTeX package
Package textcomp Info: Sub-encoding information:
(textcomp)               5 = only ISO-Adobe without \textcurrency
(textcomp)               4 = 5 + \texteuro
(textcomp)               3 = 4 + \textohm
(textcomp)               2 = 3 + \textestimated + \textcurrency
(textcomp)               1 = TS1 - \textcircled - \t
(textcomp)               0 = TS1 (full)
(textcomp)             Font families with sub-encoding setting implement
(textcomp)             only a restricted character set as indicated.
(textcomp)             Family '?' is the default used for unknown fonts.
(textcomp)             See the documentation for details.
Package textcomp Info: Setting ? sub-encoding to TS1/1 on input line 79.
 (/usr/local/texlive/2019/texmf-dist/tex/latex/base/ts1enc.def
File: ts1enc.def 2001/06/05 v3.0e (jk/car/fm) Standard LaTeX file
Now handling font encoding TS1 ...
... processing UTF-8 mapping file for font encoding TS1
 (/usr/local/texlive/2019/texmf-dist/tex/latex/base/ts1enc.dfu
File: ts1enc.dfu 2018/10/05 v1.2f UTF-8 support for inputenc
   defining Unicode char U+00A2 (decimal 162)
   defining Unicode char U+00A3 (decimal 163)
   defining Unicode char U+00A4 (decimal 164)
   defining Unicode char U+00A5 (decimal 165)
   defining Unicode char U+00A6 (decimal 166)
   defining Unicode char U+00A7 (decimal 167)
   defining Unicode char U+00A8 (decimal 168)
   defining Unicode char U+00A9 (decimal 169)
   defining Unicode char U+00AA (decimal 170)
   defining Unicode char U+00AC (decimal 172)
   defining Unicode char U+00AE (decimal 174)
   defining Unicode char U+00AF (decimal 175)
   defining Unicode char U+00B0 (decimal 176)
   defining Unicode char U+00B1 (decimal 177)
   defining Unicode char U+00B2 (decimal 178)
   defining Unicode char U+00B3 (decimal 179)
   defining Unicode char U+00B4 (decimal 180)
   defining Unicode char U+00B5 (decimal 181)
   defining Unicode char U+00B6 (decimal 182)
   defining Unicode char U+00B7 (decimal 183)
   defining Unicode char U+00B9 (decimal 185)
   defining Unicode char U+00BA (decimal 186)
   defining Unicode char U+00BC (decimal 188)
   defining Unicode char U+00BD (decimal 189)
   defining Unicode char U+00BE (decimal 190)
   defining Unicode char U+00D7 (decimal 215)
   defining Unicode char U+00F7 (decimal 247)
   defining Unicode char U+0192 (decimal 402)
   defining Unicode char U+02C7 (decimal 711)
   defining Unicode char U+02D8 (decimal 728)
   defining Unicode char U+02DD (decimal 733)
   defining Unicode char U+0E3F (decimal 3647)
   defining Unicode char U+2016 (decimal 8214)
   defining Unicode char U+2020 (decimal 8224)
   defining Unicode char U+2021 (decimal 8225)
   defining Unicode char U+2022 (decimal 8226)
   defining Unicode char U+2030 (decimal 8240)
   defining Unicode char U+2031 (decimal 8241)
   defining Unicode char U+203B (decimal 8251)
   defining Unicode char U+203D (decimal 8253)
   defining Unicode char U+2044 (decimal 8260)
   defining Unicode char U+204E (decimal 8270)
   defining Unicode char U+2052 (decimal 8274)
   defining Unicode char U+20A1 (decimal 8353)
   defining Unicode char U+20A4 (decimal 8356)
   defining Unicode char U+20A6 (decimal 8358)
   defining Unicode char U+20A9 (decimal 8361)
   defining Unicode char U+20AB (decimal 8363)
   defining Unicode char U+20AC (decimal 8364)
   defining Unicode char U+20B1 (decimal 8369)
   defining Unicode char U+2103 (decimal 8451)
   defining Unicode char U+2116 (decimal 8470)
   defining Unicode char U+2117 (decimal 8471)
   defining Unicode char U+211E (decimal 8478)
   defining Unicode char U+2120 (decimal 8480)
   defining Unicode char U+2122 (decimal 8482)
   defining Unicode char U+2126 (decimal 8486)
   defining Unicode char U+2127 (decimal 8487)
   defining Unicode char U+212E (decimal 8494)
   defining Unicode char U+2190 (decimal 8592)
   defining Unicode char U+2191 (decimal 8593)
   defining Unicode char U+2192 (decimal 8594)
   defining Unicode char U+2193 (decimal 8595)
   defining Unicode char U+2329 (decimal 9001)
   defining Unicode char U+232A (decimal 9002)
   defining Unicode char U+2422 (decimal 9250)
   defining Unicode char U+25E6 (decimal 9702)
   defining Unicode char U+25EF (decimal 9711)
   defining Unicode char U+266A (decimal 9834)
   defining Unicode char U+FEFF (decimal 65279)
))
LaTeX Info: Redefining \oldstylenums on input line 334.
Package textcomp Info: Setting cmr sub-encoding to TS1/0 on input line 349.
Package textcomp Info: Setting cmss sub-encoding to TS1/0 on input line 350.
Package textcomp Info: Setting cmtt sub-encoding to TS1/0 on input line 351.
Package textcomp Info: Setting cmvtt sub-encoding to TS1/0 on input line 352.
Package textcomp Info: Setting cmbr sub-encoding to TS1/0 on input line 353.
Package textcomp Info: Setting cmtl sub-encoding to TS1/0 on input line 354.
Package textcomp Info: Setting ccr sub-encoding to TS1/0 on input line 355.
Package textcomp Info: Setting ptm sub-encoding to TS1/4 on input line 356.
Package textcomp Info: Setting pcr sub-encoding to TS1/4 on input line 357.
Package textcomp Info: Setting phv sub-encoding to TS1/4 on input line 358.
Package textcomp Info: Setting ppl sub-encoding to TS1/3 on input line 359.
Package textcomp Info: Setting pag sub-encoding to TS1/4 on input line 360.
Package textcomp Info: Setting pbk sub-encoding to TS1/4 on input line 361.
Package textcomp Info: Setting pnc sub-encoding to TS1/4 on input line 362.
Package textcomp Info: Setting pzc sub-encoding to TS1/4 on input line 363.
Package textcomp Info: Setting bch sub-encoding to TS1/4 on input line 364.
Package textcomp Info: Setting put sub-encoding to TS1/5 on input line 365.
Package textcomp Info: Setting uag sub-encoding to TS1/5 on input line 366.
Package textcomp Info: Setting ugq sub-encoding to TS1/5 on input line 367.
Package textcomp Info: Setting ul8 sub-encoding to TS1/4 on input line 368.
Package textcomp Info: Setting ul9 sub-encoding to TS1/4 on input line 369.
Package textcomp Info: Setting augie sub-encoding to TS1/5 on input line 370.
Package textcomp Info: Setting dayrom sub-encoding to TS1/3 on input line 371.
Package textcomp Info: Setting dayroms sub-encoding to TS1/3 on input line 372.
Package textcomp Info: Setting pxr sub-encoding to TS1/0 on input line 373.
Package textcomp Info: Setting pxss sub-encoding to TS1/0 on input line 374.
Package textcomp Info: Setting pxtt sub-encoding to TS1/0 on input line 375.
Package textcomp Info: Setting txr sub-encoding to TS1/0 on input line 376.
Package textcomp Info: Setting txss sub-encoding to TS1/0 on input line 377.
Package textcomp Info: Setting txtt sub-encoding to TS1/0 on input line 378.
Package textcomp Info: Setting lmr sub-encoding to TS1/0 on input line 379.
Package textcomp Info: Setting lmdh sub-encoding to TS1/0 on input line 380.
Package textcomp Info: Setting lmss sub-encoding to TS1/0 on input line 381.
Package textcomp Info: Setting lmssq sub-encoding to TS1/0 on input line 382.
Package textcomp Info: Setting lmvtt sub-encoding to TS1/0 on input line 383.
Package textcomp Info: Setting lmtt sub-encoding to TS1/0 on input line 384.
Package textcomp Info: Setting qhv sub-encoding to TS1/0 on input line 385.
Package textcomp Info: Setting qag sub-encoding to TS1/0 on input line 386.
Package textcomp Info: Setting qbk sub-encoding to TS1/0 on input line 387.
Package textcomp Info: Setting qcr sub-encoding to TS1/0 on input line 388.
Package textcomp Info: Setting qcs sub-encoding to TS1/0 on input line 389.
Package textcomp Info: Setting qpl sub-encoding to TS1/0 on input line 390.
Package textcomp Info: Setting qtm sub-encoding to TS1/0 on input line 391.
Package textcomp Info: Setting qzc sub-encoding to TS1/0 on input line 392.
Package textcomp Info: Setting qhvc sub-encoding to TS1/0 on input line 393.
Package textcomp Info: Setting futs sub-encoding to TS1/4 on input line 394.
Package textcomp Info: Setting futx sub-encoding to TS1/4 on input line 395.
Package textcomp Info: Setting futj sub-encoding to TS1/4 on input line 396.
Package textcomp Info: Setting hlh sub-encoding to TS1/3 on input line 397.
Package textcomp Info: Setting hls sub-encoding to TS1/3 on input line 398.
Package textcomp Info: Setting hlst sub-encoding to TS1/3 on input line 399.
Package textcomp Info: Setting hlct sub-encoding to TS1/5 on input line 400.
Package textcomp Info: Setting hlx sub-encoding to TS1/5 on input line 401.
Package textcomp Info: Setting hlce sub-encoding to TS1/5 on input line 402.
Package textcomp Info: Setting hlcn sub-encoding to TS1/5 on input line 403.
Package textcomp Info: Setting hlcw sub-encoding to TS1/5 on input line 404.
Package textcomp Info: Setting hlcf sub-encoding to TS1/5 on input line 405.
Package textcomp Info: Setting pplx sub-encoding to TS1/3 on input line 406.
Package textcomp Info: Setting pplj sub-encoding to TS1/3 on input line 407.
Package textcomp Info: Setting ptmx sub-encoding to TS1/4 on input line 408.
Package textcomp Info: Setting ptmj sub-encoding to TS1/4 on input line 409.
) (/usr/local/texlive/2019/texmf-dist/tex/latex/amsmath/amstext.sty
Package: amstext 2000/06/29 v2.01 AMS text
 (/usr/local/texlive/2019/texmf-dist/tex/latex/amsmath/amsgen.sty
File: amsgen.sty 1999/11/30 v2.0 generic functions
\@emptytoks=\toks20
\ex@=\dimen111
)) (/usr/local/texlive/2019/texmf-dist/tex/latex/graphics/graphicx.sty
Package: graphicx 2017/06/01 v1.1a Enhanced LaTeX Graphics (DPC,SPQR)
 (/usr/local/texlive/2019/texmf-dist/tex/latex/graphics/graphics.sty
Package: graphics 2017/06/25 v1.2c Standard LaTeX Graphics (DPC,SPQR)
 (/usr/local/texlive/2019/texmf-dist/tex/latex/graphics/trig.sty
Package: trig 2016/01/03 v1.10 sin cos tan (DPC)
) (/usr/local/texlive/2019/texmf-dist/tex/latex/graphics-cfg/graphics.cfg
File: graphics.cfg 2016/06/04 v1.11 sample graphics configuration
)
Package graphics Info: Driver file: pdftex.def on input line 99.
 (/usr/local/texlive/2019/texmf-dist/tex/latex/graphics-def/pdftex.def
File: pdftex.def 2018/01/08 v1.0l Graphics/color driver for pdftex
))
\Gin@req@height=\dimen112
\Gin@req@width=\dimen113
) (/usr/local/texlive/2019/texmf-dist/tex/latex/booktabs/booktabs.sty
Package: booktabs 2016/04/27 v1.618033 publication quality tables
\heavyrulewidth=\dimen114
\lightrulewidth=\dimen115
\cmidrulewidth=\dimen116
\belowrulesep=\dimen117
\belowbottomsep=\dimen118
\aboverulesep=\dimen119
\abovetopsep=\dimen120
\cmidrulesep=\dimen121
\cmidrulekern=\dimen122
\defaultaddspace=\dimen123
\@cmidla=\count92
\@cmidlb=\count93
\@aboverulesep=\dimen124
\@belowrulesep=\dimen125
\@thisruleclass=\count94
\@lastruleclass=\count95
\@thisrulewidth=\dimen126
) (/usr/local/texlive/2019/texmf-dist/tex/generic/babel/babel.sty
Package: babel 2019/05/04 3.31 The Babel package
 (/usr/local/texlive/2019/texmf-dist/tex/generic/babel/switch.def
File: switch.def 2019/05/04 3.31 Babel switching mechanism
) (/usr/local/texlive/2019/texmf-dist/tex/generic/babel-spanish/spanish.ldf
Language: spanish.ldf 2016/03/03 v5.0p Spanish support from the babel system
 (/usr/local/texlive/2019/texmf-dist/tex/generic/babel/babel.def
File: babel.def 2019/05/04 3.31 Babel common definitions
\babel@savecnt=\count96
\U@D=\dimen127
 (/usr/local/texlive/2019/texmf-dist/tex/generic/babel/txtbabel.def)
\bbl@dirlevel=\count97
)
\es@quottoks=\toks21
\es@quotdepth=\count98
Package babel Info: Making " an active character on input line 561.
Package babel Info: Making . an active character on input line 662.
Package babel Info: Making < an active character on input line 707.
Package babel Info: Making > an active character on input line 707.
))) (/Users/manueldieguez/Google Drive/Instituto Tecnologico de Buenos Aires/Teoria de Circuitos/Trabajos Practicos/TP03/Informe/Informe TP02 - Grupo 4.aux
LaTeX Info: Redefining \. on input line 6.
LaTeX Info: Redefining \% on input line 6.


LaTeX Warning: Label `ej2_sim_inductor' multiply defined.


LaTeX Warning: Label `fig:ej2_hp_med_and_sim' multiply defined.


LaTeX Warning: Label `equ:trans_clasica_br' multiply defined.

)
\openout1 = `"Informe TP02 - Grupo 4.aux"'.

LaTeX Font Info:    Checking defaults for OML/cmm/m/it on input line 3.
LaTeX Font Info:    ... okay on input line 3.
LaTeX Font Info:    Checking defaults for T1/cmr/m/n on input line 3.
LaTeX Font Info:    ... okay on input line 3.
LaTeX Font Info:    Checking defaults for OT1/cmr/m/n on input line 3.
LaTeX Font Info:    ... okay on input line 3.
LaTeX Font Info:    Checking defaults for OMS/cmsy/m/n on input line 3.
LaTeX Font Info:    ... okay on input line 3.
LaTeX Font Info:    Checking defaults for OMX/cmex/m/n on input line 3.
LaTeX Font Info:    ... okay on input line 3.
LaTeX Font Info:    Checking defaults for U/cmr/m/n on input line 3.
LaTeX Font Info:    ... okay on input line 3.
LaTeX Font Info:    Checking defaults for TS1/cmr/m/n on input line 3.
LaTeX Font Info:    Try loading font information for TS1+cmr on input line 3.
 (/usr/local/texlive/2019/texmf-dist/tex/latex/base/ts1cmr.fd
File: ts1cmr.fd 2014/09/29 v2.5h Standard LaTeX font definitions
)
LaTeX Font Info:    ... okay on input line 3.

*geometry* driver: auto-detecting
*geometry* detected driver: pdftex

Package geometry Warning: The marginal notes overrun the paper.
     Add 19.0945pt and more to the right margin.

*geometry* verbose mode - [ preamble ] result:
* driver: pdftex
* paper: <default>
* layout: <same size as paper>
* layoutoffset:(h,v)=(0.0pt,0.0pt)
* modes: 
* h-part:(L,W,R)=(56.9055pt, 500.484pt, 56.9055pt)
* v-part:(T,H,B)=(56.9055pt, 681.15898pt, 56.9055pt)
* \paperwidth=614.295pt
* \paperheight=794.96999pt
* \textwidth=500.484pt
* \textheight=681.15898pt
* \oddsidemargin=-15.36449pt
* \evensidemargin=-15.36449pt
* \topmargin=-129.17549pt
* \headheight=56.9055pt
* \headsep=56.9055pt
* \topskip=10.0pt
* \footskip=30.0pt
* \marginparwidth=65.0pt
* \marginparsep=11.0pt
* \columnsep=10.0pt
* \skip\footins=9.0pt plus 4.0pt minus 2.0pt
* \hoffset=0.0pt
* \voffset=0.0pt
* \mag=1000
* \@twocolumnfalse
* \@twosidefalse
* \@mparswitchfalse
* \@reversemarginfalse
* (1in=72.27pt=25.4mm, 1cm=28.453pt)

(/usr/local/texlive/2019/texmf-dist/tex/context/base/mkii/supp-pdf.mkii
[Loading MPS to PDF converter (version 2006.09.02).]
\scratchcounter=\count99
\scratchdimen=\dimen128
\scratchbox=\box29
\nofMPsegments=\count100
\nofMParguments=\count101
\everyMPshowfont=\toks22
\MPscratchCnt=\count102
\MPscratchDim=\dimen129
\MPnumerator=\count103
\makeMPintoPDFobject=\count104
\everyMPtoPDFconversion=\toks23
) (/usr/local/texlive/2019/texmf-dist/tex/latex/oberdiek/epstopdf-base.sty
Package: epstopdf-base 2016/05/15 v2.6 Base part for package epstopdf
 (/usr/local/texlive/2019/texmf-dist/tex/generic/oberdiek/infwarerr.sty
Package: infwarerr 2016/05/16 v1.4 Providing info/warning/error messages (HO)
) (/usr/local/texlive/2019/texmf-dist/tex/latex/oberdiek/grfext.sty
Package: grfext 2016/05/16 v1.2 Manage graphics extensions (HO)
 (/usr/local/texlive/2019/texmf-dist/tex/generic/oberdiek/kvdefinekeys.sty
Package: kvdefinekeys 2016/05/16 v1.4 Define keys (HO)
 (/usr/local/texlive/2019/texmf-dist/tex/generic/oberdiek/ltxcmds.sty
Package: ltxcmds 2016/05/16 v1.23 LaTeX kernel commands for general use (HO)
))) (/usr/local/texlive/2019/texmf-dist/tex/latex/oberdiek/kvoptions.sty
Package: kvoptions 2016/05/16 v3.12 Key value format for package options (HO)
 (/usr/local/texlive/2019/texmf-dist/tex/generic/oberdiek/kvsetkeys.sty
Package: kvsetkeys 2016/05/16 v1.17 Key value parser (HO)
 (/usr/local/texlive/2019/texmf-dist/tex/generic/oberdiek/etexcmds.sty
Package: etexcmds 2016/05/16 v1.6 Avoid name clashes with e-TeX commands (HO)
))) (/usr/local/texlive/2019/texmf-dist/tex/generic/oberdiek/pdftexcmds.sty
Package: pdftexcmds 2018/09/10 v0.29 Utility functions of pdfTeX for LuaTeX (HO)
Package pdftexcmds Info: LuaTeX not detected.
Package pdftexcmds Info: \pdf@primitive is available.
Package pdftexcmds Info: \pdf@ifprimitive is available.
Package pdftexcmds Info: \pdfdraftmode found.
)
Package epstopdf-base Info: Redefining graphics rule for `.eps' on input line 438.
Package grfext Info: Graphics extension search list:
(grfext)             [.pdf,.png,.jpg,.mps,.jpeg,.jbig2,.jb2,.PDF,.PNG,.JPG,.JPEG,.JBIG2,.JB2,.eps]
(grfext)             \AppendGraphicsExtensions on input line 456.
 (/usr/local/texlive/2019/texmf-dist/tex/latex/latexconfig/epstopdf-sys.cfg
File: epstopdf-sys.cfg 2010/07/13 v1.3 Configuration of (r)epstopdf for TeX Live
))
LaTeX Info: Redefining \. on input line 3.
LaTeX Info: Redefining \% on input line 3.
 (/Users/manueldieguez/Google Drive/Instituto Tecnologico de Buenos Aires/Teoria de Circuitos/Trabajos Practicos/TP03/Informe/Caratula.tex
<resources/itba.png, id=1, 813.0375pt x 508.14844pt>
File: resources/itba.png Graphic file (type png)
<use resources/itba.png>
Package pdftex.def Info: resources/itba.png  used on input line 34.
(pdftex.def)             Requested size: 121.95036pt x 76.21896pt.
LaTeX Font Info:    External font `cmex10' loaded for size
(Font)              <7> on input line 66.
LaTeX Font Info:    External font `cmex10' loaded for size
(Font)              <5> on input line 66.
 [1

{/usr/local/texlive/2019/texmf-var/fonts/map/pdftex/updmap/pdftex.map} </Users/manueldieguez/Google Drive/Instituto Tecnologico de Buenos Aires/Teoria de Circuitos/Trabajos Practicos/TP03/Informe/resources/itba.png>]) (/Users/manueldieguez/Google Drive/Instituto Tecnologico de Buenos Aires/Teoria de Circuitos/Trabajos Practicos/TP03/Informe/Informe TP02 - Grupo 4.toc
LaTeX Info: Redefining \. on input line 1.
LaTeX Info: Redefining \% on input line 1.
)
\tf@toc=\write3
\openout3 = `"Informe TP02 - Grupo 4.toc"'.

 [1] (../Ex2/Ex2.tex
<../Ex2/Resources/ej2_gyrator_symbol.png, id=23, 356.33125pt x 282.05376pt>
File: ../Ex2/Resources/ej2_gyrator_symbol.png Graphic file (type png)
<use ../Ex2/Resources/ej2_gyrator_symbol.png>
Package pdftex.def Info: ../Ex2/Resources/ej2_gyrator_symbol.png  used on input line 9.
(pdftex.def)             Requested size: 200.19115pt x 113.80936pt.

Underfull \hbox (badness 10000) in paragraph at lines 25--26

 []


Underfull \hbox (badness 10000) in paragraph at lines 30--32

 []

[2 <../Ex2/Resources/ej2_gyrator_symbol.png>]
<../Ex2/Resources/ej2_gyrator_prop2.png, id=37, 753.81625pt x 321.2pt>
File: ../Ex2/Resources/ej2_gyrator_prop2.png Graphic file (type png)
<use ../Ex2/Resources/ej2_gyrator_prop2.png>
Package pdftex.def Info: ../Ex2/Resources/ej2_gyrator_prop2.png  used on input line 49.
(pdftex.def)             Requested size: 350.3369pt x 113.8087pt.
<../Ex2/Resources/ej2_gyrator_prop3.png, id=38, 781.92125pt x 317.185pt>
File: ../Ex2/Resources/ej2_gyrator_prop3.png Graphic file (type png)
<use ../Ex2/Resources/ej2_gyrator_prop3.png>
Package pdftex.def Info: ../Ex2/Resources/ej2_gyrator_prop3.png  used on input line 59.
(pdftex.def)             Requested size: 350.33412pt x 113.80899pt.
<../Ex2/Resources/ej2_inductor_model.png, id=39, 298.11375pt x 211.79124pt>
File: ../Ex2/Resources/ej2_inductor_model.png Graphic file (type png)
<use ../Ex2/Resources/ej2_inductor_model.png>
Package pdftex.def Info: ../Ex2/Resources/ej2_inductor_model.png  used on input line 76.
(pdftex.def)             Requested size: 200.19005pt x 113.80971pt.


LaTeX Warning: `!h' float specifier changed to `!ht'.

<../Ex2/Resources/ej2_gyrator_inductor.png, id=40, 407.5225pt x 251.94125pt>
File: ../Ex2/Resources/ej2_gyrator_inductor.png Graphic file (type png)
<use ../Ex2/Resources/ej2_gyrator_inductor.png>
Package pdftex.def Info: ../Ex2/Resources/ej2_gyrator_inductor.png  used on input line 83.
(pdftex.def)             Requested size: 200.19145pt x 113.81076pt.

LaTeX Warning: `!h' float specifier changed to `!ht'.

[3 <../Ex2/Resources/ej2_gyrator_prop2.png> <../Ex2/Resources/ej2_gyrator_prop3.png>] [4 <../Ex2/Resources/ej2_inductor_model.png> <../Ex2/Resources/ej2_gyrator_inductor.png>] [5]
<../Ex2/Resources/ej2_gyrator_sim.png, id=55, 1898.09125pt x 911.405pt>
File: ../Ex2/Resources/ej2_gyrator_sim.png Graphic file (type png)
<use ../Ex2/Resources/ej2_gyrator_sim.png>
Package pdftex.def Info: ../Ex2/Resources/ej2_gyrator_sim.png  used on input line 175.
(pdftex.def)             Requested size: 450.42485pt x 256.0817pt.
 [6 <../Ex2/Resources/ej2_gyrator_sim.png>]
<../Ex2/Resources/ej2_hp.png, id=61, 235.88126pt x 115.43124pt>
File: ../Ex2/Resources/ej2_hp.png Graphic file (type png)
<use ../Ex2/Resources/ej2_hp.png>
Package pdftex.def Info: ../Ex2/Resources/ej2_hp.png  used on input line 236.
(pdftex.def)             Requested size: 142.26408pt x 85.35788pt.


LaTeX Warning: `!h' float specifier changed to `!ht'.

[7]

LaTeX Warning: No positions in optional float specifier.
               Default added (so using `!tbp') on input line 256.

<../Ex2/Resources/ej2_hp_gyrator.png, id=65, 399.4925pt x 274.02374pt>
File: ../Ex2/Resources/ej2_hp_gyrator.png Graphic file (type png)
<use ../Ex2/Resources/ej2_hp_gyrator.png>
Package pdftex.def Info: ../Ex2/Resources/ej2_hp_gyrator.png  used on input line 257.
(pdftex.def)             Requested size: 200.19073pt x 113.8139pt.
[8 <../Ex2/Resources/ej2_hp.png> <../Ex2/Resources/ej2_hp_gyrator.png>]
<../Ex2/Resources/ej2_montecarlo.png, id=71, 1684.2925pt x 906.38625pt>
File: ../Ex2/Resources/ej2_montecarlo.png Graphic file (type png)
<use ../Ex2/Resources/ej2_montecarlo.png>
Package pdftex.def Info: ../Ex2/Resources/ej2_montecarlo.png  used on input line 328.
(pdftex.def)             Requested size: 450.42172pt x 199.17047pt.


LaTeX Warning: `!h' float specifier changed to `!ht'.


LaTeX Warning: Reference `tab:hf_gyrator_components' on page 9 undefined on input line 336.

<../Ex2/Resources/ej2_hp_sim.png, id=72, 541.3023pt x 400.3758pt>
File: ../Ex2/Resources/ej2_hp_sim.png Graphic file (type png)
<use ../Ex2/Resources/ej2_hp_sim.png>
Package pdftex.def Info: ../Ex2/Resources/ej2_hp_sim.png  used on input line 339.
(pdftex.def)             Requested size: 450.4454pt x 256.093pt.

LaTeX Warning: `!h' float specifier changed to `!ht'.

[9]
<../Ex2/Resources/ej2_hp_gyrator_sim.png, id=76, 1899.095pt x 907.39pt>
File: ../Ex2/Resources/ej2_hp_gyrator_sim.png Graphic file (type png)
<use ../Ex2/Resources/ej2_hp_gyrator_sim.png>
Package pdftex.def Info: ../Ex2/Resources/ej2_hp_gyrator_sim.png  used on input line 349.
(pdftex.def)             Requested size: 450.43121pt x 199.16951pt.


LaTeX Warning: `!h' float specifier changed to `!ht'.

[10 <../Ex2/Resources/ej2_montecarlo.png> <../Ex2/Resources/ej2_hp_sim.png>]
Overfull \hbox (1.78438pt too wide) in paragraph at lines 360--361
[]\T1/cmr/m/n/10 Al im-po-ner una se-noi-de de $\OML/cmm/m/it/10 V[] \OT1/cmr/m/n/10 = 3\OML/cmm/m/it/10 V$ \T1/cmr/m/n/10 co-mo se-ñal de en-tra-da al cir-cui-to en un ran-go de fre-cuen-cias de $\OT1/cmr/m/n/10 [10\OML/cmm/m/it/10 Hz; \OT1/cmr/m/n/10 10\OML/cmm/m/it/10 MHz\OT1/cmr/m/n/10 ]$\T1/cmr/m/n/10 ,
 []

<../Ex2/Resources/ej2_hp_med_and_sim.png, id=82, 560.0925pt x 426.393pt>
File: ../Ex2/Resources/ej2_hp_med_and_sim.png Graphic file (type png)
<use ../Ex2/Resources/ej2_hp_med_and_sim.png>
Package pdftex.def Info: ../Ex2/Resources/ej2_hp_med_and_sim.png  used on input line 363.
(pdftex.def)             Requested size: 450.45047pt x 199.16855pt.
[11 <../Ex2/Resources/ej2_hp_gyrator_sim.png> <../Ex2/Resources/ej2_hp_med_and_sim.png>]
<../Ex2/Resources/ej2_bp.png, id=88, 258.9675pt x 173.64874pt>
File: ../Ex2/Resources/ej2_bp.png Graphic file (type png)
<use ../Ex2/Resources/ej2_bp.png>
Package pdftex.def Info: ../Ex2/Resources/ej2_bp.png  used on input line 395.
(pdftex.def)             Requested size: 142.27054pt x 85.36154pt.


LaTeX Warning: No positions in optional float specifier.
               Default added (so using `!tbp') on input line 413.

<../Ex2/Resources/ej2_bp_gyrator.png, id=89, 399.4925pt x 274.02374pt>
File: ../Ex2/Resources/ej2_bp_gyrator.png Graphic file (type png)
<use ../Ex2/Resources/ej2_bp_gyrator.png>
Package pdftex.def Info: ../Ex2/Resources/ej2_bp_gyrator.png  used on input line 414.
(pdftex.def)             Requested size: 200.19073pt x 113.8139pt.
[12 <../Ex2/Resources/ej2_bp.png>]
<../Ex2/Resources/ej2_bp_sim.png, id=95, 541.3023pt x 400.3758pt>
File: ../Ex2/Resources/ej2_bp_sim.png Graphic file (type png)
<use ../Ex2/Resources/ej2_bp_sim.png>
Package pdftex.def Info: ../Ex2/Resources/ej2_bp_sim.png  used on input line 472.
(pdftex.def)             Requested size: 450.4454pt x 256.093pt.


LaTeX Warning: `!h' float specifier changed to `!ht'.

<../Ex2/Resources/ej2_bp_gyrator_sim.png, id=96, 1898.09125pt x 911.405pt>
File: ../Ex2/Resources/ej2_bp_gyrator_sim.png Graphic file (type png)
<use ../Ex2/Resources/ej2_bp_gyrator_sim.png>
Package pdftex.def Info: ../Ex2/Resources/ej2_bp_gyrator_sim.png  used on input line 485.
(pdftex.def)             Requested size: 450.42485pt x 199.16075pt.

LaTeX Warning: `!h' float specifier changed to `!ht'.

[13 <../Ex2/Resources/ej2_bp_gyrator.png>] [14 <../Ex2/Resources/ej2_bp_sim.png> <../Ex2/Resources/ej2_bp_gyrator_sim.png>]
<../Ex2/Resources/ej2_bp_med_and_sim.png, id=106, 559.3698pt x 426.393pt>
File: ../Ex2/Resources/ej2_bp_med_and_sim.png Graphic file (type png)
<use ../Ex2/Resources/ej2_bp_med_and_sim.png>
Package pdftex.def Info: ../Ex2/Resources/ej2_bp_med_and_sim.png  used on input line 498.
(pdftex.def)             Requested size: 450.44965pt x 256.07849pt.
<../Ex2/Resources/ej2_br.png, id=107, 176.66pt x 173.64874pt>
File: ../Ex2/Resources/ej2_br.png Graphic file (type png)
<use ../Ex2/Resources/ej2_br.png>
Package pdftex.def Info: ../Ex2/Resources/ej2_br.png  used on input line 556.
(pdftex.def)             Requested size: 142.26625pt x 85.36154pt.


LaTeX Warning: `!h' float specifier changed to `!ht'.


LaTeX Warning: No positions in optional float specifier.
               Default added (so using `!tbp') on input line 573.

<../Ex2/Resources/ej2_br_gyrator.png, id=108, 341.275pt x 329.23pt>
File: ../Ex2/Resources/ej2_br_gyrator.png Graphic file (type png)
<use ../Ex2/Resources/ej2_br_gyrator.png>
Package pdftex.def Info: ../Ex2/Resources/ej2_br_gyrator.png  used on input line 574.
(pdftex.def)             Requested size: 200.19444pt x 113.81053pt.
[15 <../Ex2/Resources/ej2_bp_med_and_sim.png>]

LaTeX Warning: `!h' float specifier changed to `!ht'.

<../Ex2/Resources/ej2_br_sim.png, id=113, 541.3023pt x 400.3758pt>
File: ../Ex2/Resources/ej2_br_sim.png Graphic file (type png)
<use ../Ex2/Resources/ej2_br_sim.png>
Package pdftex.def Info: ../Ex2/Resources/ej2_br_sim.png  used on input line 636.
(pdftex.def)             Requested size: 450.4454pt x 256.093pt.
[16 <../Ex2/Resources/ej2_br.png> <../Ex2/Resources/ej2_br_gyrator.png>]
<../Ex2/Resources/ej2_br_gyrator_sim.png, id=119, 1898.09125pt x 911.405pt>
File: ../Ex2/Resources/ej2_br_gyrator_sim.png Graphic file (type png)
<use ../Ex2/Resources/ej2_br_gyrator_sim.png>
Package pdftex.def Info: ../Ex2/Resources/ej2_br_gyrator_sim.png  used on input line 649.
(pdftex.def)             Requested size: 450.42485pt x 199.16075pt.


LaTeX Warning: `!h' float specifier changed to `!ht'.

<../Ex2/Resources/ej2_br_med_and_sim.png, id=120, 560.0925pt x 426.393pt>
File: ../Ex2/Resources/ej2_br_med_and_sim.png Graphic file (type png)
<use ../Ex2/Resources/ej2_br_med_and_sim.png>
Package pdftex.def Info: ../Ex2/Resources/ej2_br_med_and_sim.png  used on input line 662.
(pdftex.def)             Requested size: 450.45047pt x 256.07849pt.

LaTeX Warning: `!h' float specifier changed to `!ht'.

[17 <../Ex2/Resources/ej2_br_sim.png>] [18 <../Ex2/Resources/ej2_br_gyrator_sim.png> <../Ex2/Resources/ej2_br_med_and_sim.png>]
<../Ex2/Resources/ej2_lp.png, id=131, 235.88126pt x 115.43124pt>
File: ../Ex2/Resources/ej2_lp.png Graphic file (type png)
<use ../Ex2/Resources/ej2_lp.png>
Package pdftex.def Info: ../Ex2/Resources/ej2_lp.png  used on input line 701.
(pdftex.def)             Requested size: 142.26408pt x 85.35788pt.


LaTeX Warning: No positions in optional float specifier.
               Default added (so using `!tbp') on input line 718.

<../Ex2/Resources/ej2_lp_gyrator.png, id=132, 399.4925pt x 276.03125pt>
File: ../Ex2/Resources/ej2_lp_gyrator.png Graphic file (type png)
<use ../Ex2/Resources/ej2_lp_gyrator.png>
Package pdftex.def Info: ../Ex2/Resources/ej2_lp_gyrator.png  used on input line 719.
(pdftex.def)             Requested size: 200.19073pt x 113.81374pt.
[19 <../Ex2/Resources/ej2_lp.png> <../Ex2/Resources/ej2_lp_gyrator.png>]
<../Ex2/Resources/ej2_lp_sim.png, id=138, 541.3023pt x 400.3758pt>
File: ../Ex2/Resources/ej2_lp_sim.png Graphic file (type png)
<use ../Ex2/Resources/ej2_lp_sim.png>
Package pdftex.def Info: ../Ex2/Resources/ej2_lp_sim.png  used on input line 780.
(pdftex.def)             Requested size: 450.4454pt x 256.093pt.


LaTeX Warning: `!h' float specifier changed to `!ht'.

<../Ex2/Resources/ej2_lp_gyrator_sim.png, id=139, 1898.09125pt x 911.405pt>
File: ../Ex2/Resources/ej2_lp_gyrator_sim.png Graphic file (type png)
<use ../Ex2/Resources/ej2_lp_gyrator_sim.png>
Package pdftex.def Info: ../Ex2/Resources/ej2_lp_gyrator_sim.png  used on input line 793.
(pdftex.def)             Requested size: 450.42485pt x 199.16075pt.

LaTeX Warning: `!h' float specifier changed to `!ht'.

<../Ex2/Resources/ej2_lp_med_and_sim.png, id=140, 772.8875pt x 289.08pt>
File: ../Ex2/Resources/ej2_lp_med_and_sim.png Graphic file (type png)
<use ../Ex2/Resources/ej2_lp_med_and_sim.png>
Package pdftex.def Info: ../Ex2/Resources/ej2_lp_med_and_sim.png  used on input line 807.
(pdftex.def)             Requested size: 450.43323pt x 199.16986pt.
[20]

LaTeX Warning: `!h' float specifier changed to `!ht'.

[21 <../Ex2/Resources/ej2_lp_sim.png> <../Ex2/Resources/ej2_lp_gyrator_sim.png>]
<../Ex2/Resources/ej2_pcb.png, id=149, 550.055pt x 550.055pt>
File: ../Ex2/Resources/ej2_pcb.png Graphic file (type png)
<use ../Ex2/Resources/ej2_pcb.png>
Package pdftex.def Info: ../Ex2/Resources/ej2_pcb.png  used on input line 824.
(pdftex.def)             Requested size: 199.16951pt x 199.16951pt.
) [22 <../Ex2/Resources/ej2_lp_med_and_sim.png> <../Ex2/Resources/ej2_pcb.png>] (/Users/manueldieguez/Google Drive/Instituto Tecnologico de Buenos Aires/Teoria de Circuitos/Trabajos Practicos/TP03/Informe/Informe TP02 - Grupo 4.aux
LaTeX Info: Redefining \. on input line 6.
LaTeX Info: Redefining \% on input line 6.
)

LaTeX Warning: There were undefined references.


LaTeX Warning: There were multiply-defined labels.

 ) 
Here is how much of TeX's memory you used:
 3984 strings out of 492616
 60544 string characters out of 6129482
 133762 words of memory out of 5000000
 7799 multiletter control sequences out of 15000+600000
 14949 words of font info for 30 fonts, out of 8000000 for 9000
 1141 hyphenation exceptions out of 8191
 39i,9n,31p,1057b,359s stack positions out of 5000i,500n,10000p,200000b,80000s
{/usr/local/texlive/2019/texmf-dist/fonts/enc/dvips/cm-super/cm-super-t1.enc}{/usr/local/texlive/2019/texmf-dist/fonts/enc/dvips/cm-super/cm-super-ts1.enc}</usr/local/texlive/2019/texmf-dist/fonts/type1/public/amsfonts/cm/cmmi10.pfb></usr/local/texlive/2019/texmf-dist/fonts/type1/public/amsfonts/cm/cmmi5.pfb></usr/local/texlive/2019/texmf-dist/fonts/type1/public/amsfonts/cm/cmmi7.pfb></usr/local/texlive/2019/texmf-dist/fonts/type1/public/amsfonts/cm/cmr10.pfb></usr/local/texlive/2019/texmf-dist/fonts/type1/public/amsfonts/cm/cmr5.pfb></usr/local/texlive/2019/texmf-dist/fonts/type1/public/amsfonts/cm/cmr7.pfb></usr/local/texlive/2019/texmf-dist/fonts/type1/public/amsfonts/cm/cmsy10.pfb></usr/local/texlive/2019/texmf-dist/fonts/type1/public/amsfonts/cm/cmsy7.pfb></usr/local/texlive/2019/texmf-dist/fonts/type1/public/cm-super/sfbi1000.pfb></usr/local/texlive/2019/texmf-dist/fonts/type1/public/cm-super/sfbi1440.pfb></usr/local/texlive/2019/texmf-dist/fonts/type1/public/cm-super/sfbx1000.pfb></usr/local/texlive/2019/texmf-dist/fonts/type1/public/cm-super/sfbx1200.pfb></usr/local/texlive/2019/texmf-dist/fonts/type1/public/cm-super/sfbx1440.pfb></usr/local/texlive/2019/texmf-dist/fonts/type1/public/cm-super/sfbx2074.pfb></usr/local/texlive/2019/texmf-dist/fonts/type1/public/cm-super/sfcc1200.pfb></usr/local/texlive/2019/texmf-dist/fonts/type1/public/cm-super/sfcc1440.pfb></usr/local/texlive/2019/texmf-dist/fonts/type1/public/cm-super/sfrm1000.pfb></usr/local/texlive/2019/texmf-dist/fonts/type1/public/cm-super/sfrm1200.pfb></usr/local/texlive/2019/texmf-dist/fonts/type1/public/cm-super/sfti1000.pfb></usr/local/texlive/2019/texmf-dist/fonts/type1/public/cm-super/sfti1200.pfb>
Output written on "/Users/manueldieguez/Google Drive/Instituto Tecnologico de Buenos Aires/Teoria de Circuitos/Trabajos Practicos/TP03/Informe/Informe TP02 - Grupo 4.pdf" (23 pages, 1893810 bytes).
PDF statistics:
 222 PDF objects out of 1000 (max. 8388607)
 117 compressed objects within 2 object streams
 0 named destinations out of 1000 (max. 500000)
 146 words of extra memory for PDF output out of 10000 (max. 10000000)

