Added Component: Designator=C2(RAD-0.3)
Added Component: Designator=C6(RAD-0.3)
Added Component: Designator=C_comp(RAD-0.3)
Added Component: Designator=P?(HDR1X3)
Added Component: Designator=P_vin(PIN1)
Added Component: Designator=P_vout(PIN1)
Added Component: Designator=R1(AXIAL-0.4)
Added Component: Designator=R3(AXIAL-0.4)
Added Component: Designator=R4_1(AXIAL-0.4)
Added Component: Designator=R4_2(AXIAL-0.4)
Added Component: Designator=R5_1(AXIAL-0.4)
Added Component: Designator=R5_2(AXIAL-0.4)
Added Component: Designator=R6_1(AXIAL-0.4)
Added Component: Designator=R6_2(AXIAL-0.4)
Added Component: Designator=R7_1(AXIAL-0.4)
Added Component: Designator=R7_2(AXIAL-0.4)
Added Component: Designator=R8(AXIAL-0.4)
Added Component: Designator=U1(JG008)
Added Pin To Net: NetName=+VCC Pin=C_comp-2
Added Pin To Net: NetName=+VCC Pin=P?-3
Added Pin To Net: NetName=+VCC Pin=U1-8
Added Net: Name=+VCC
Added Pin To Net: NetName=-VCC Pin=C_comp-1
Added Pin To Net: NetName=-VCC Pin=P?-1
Added Pin To Net: NetName=-VCC Pin=U1-4
Added Net: Name=-VCC
Added Pin To Net: NetName=GND Pin=P?-2
Added Pin To Net: NetName=GND Pin=R5_1-1
Added Pin To Net: NetName=GND Pin=R5_2-1
Added Pin To Net: NetName=GND Pin=R6_1-1
Added Pin To Net: NetName=GND Pin=R6_2-1
Added Net: Name=GND
Added Pin To Net: NetName=NetC2_1 Pin=C2-1
Added Pin To Net: NetName=NetC2_1 Pin=R1-2
Added Pin To Net: NetName=NetC2_1 Pin=U1-1
Added Net: Name=NetC2_1
Added Pin To Net: NetName=NetC2_2 Pin=C2-2
Added Pin To Net: NetName=NetC2_2 Pin=R3-1
Added Pin To Net: NetName=NetC2_2 Pin=U1-2
Added Pin To Net: NetName=NetC2_2 Pin=U1-6
Added Net: Name=NetC2_2
Added Pin To Net: NetName=NetC6_1 Pin=C6-1
Added Pin To Net: NetName=NetC6_1 Pin=R1-1
Added Pin To Net: NetName=NetC6_1 Pin=R6_1-2
Added Pin To Net: NetName=NetC6_1 Pin=R6_2-2
Added Pin To Net: NetName=NetC6_1 Pin=R7_2-2
Added Pin To Net: NetName=NetC6_1 Pin=U1-5
Added Net: Name=NetC6_1
Added Pin To Net: NetName=NetC6_2 Pin=C6-2
Added Pin To Net: NetName=NetC6_2 Pin=P_vin-1
Added Pin To Net: NetName=NetC6_2 Pin=R5_1-2
Added Pin To Net: NetName=NetC6_2 Pin=R5_2-2
Added Pin To Net: NetName=NetC6_2 Pin=R7_1-1
Added Pin To Net: NetName=NetC6_2 Pin=R8-2
Added Net: Name=NetC6_2
Added Pin To Net: NetName=NetP_vout_1 Pin=P_vout-1
Added Pin To Net: NetName=NetP_vout_1 Pin=R3-2
Added Pin To Net: NetName=NetP_vout_1 Pin=R4_1-1
Added Pin To Net: NetName=NetP_vout_1 Pin=R4_2-1
Added Pin To Net: NetName=NetP_vout_1 Pin=U1-7
Added Net: Name=NetP_vout_1
Added Pin To Net: NetName=NetR4_1_2 Pin=R4_1-2
Added Pin To Net: NetName=NetR4_1_2 Pin=R4_2-2
Added Pin To Net: NetName=NetR4_1_2 Pin=R8-1
Added Pin To Net: NetName=NetR4_1_2 Pin=U1-3
Added Net: Name=NetR4_1_2
Added Pin To Net: NetName=NetR7_1_2 Pin=R7_1-2
Added Pin To Net: NetName=NetR7_1_2 Pin=R7_2-1
Added Net: Name=NetR7_1_2
Added Class: Name=GIC
Added Room: Name=GIC
