Removed Pin From Net: NetName=GND Pin=J2-1
Removed Pin From Net: NetName=Out Pin=J2-2
Removed Pin From Net: NetName=Out Pin=J2-3
Removed Pin From Net: NetName=Out Pin=OUT-1
Removed Member From Class: ClassName=Esquemático Member=J2
Change Component Designator: OldDesignator= NewDesignator=TP3
Change Component Designator: OldDesignator= NewDesignator=TP6
Change Component Designator: OldDesignator=GND NewDesignator=TP4
Change Component Designator: OldDesignator=GND NewDesignator=TP5
Change Component Designator: OldDesignator=IN NewDesignator=TP2
Change Component Designator: OldDesignator=OUT NewDesignator=TP1
Added Component: Designator=C8(CAP200)
Add component. Clean all parameters for all variants
Added Component: Designator=C11(CAP200)
Add component. Clean all parameters for all variants
Added Component: Designator=POT4(POTENCIOMETRO)
Add component. Clean all parameters for all variants
Added Component: Designator=R13(RES400)
Add component. Clean all parameters for all variants
Added Component: Designator=R14(RES400)
Add component. Clean all parameters for all variants
Added Component: Designator=R15(RES400)
Add component. Clean all parameters for all variants
Added Component: Designator=R16(RES400)
Add component. Clean all parameters for all variants
Added Pin To Net: NetName=Out Pin=R13-1
Added Pin To Net: NetName=Out Pin=R15-1
Added Pin To Net: NetName=GND Pin=U2-6
Change Net Name : Old Net Name=Out New Net Name=ult
Added Pin To Net: NetName=NetC8_1 Pin=C8-1
Added Pin To Net: NetName=NetC8_1 Pin=C8-2
Added Pin To Net: NetName=NetC8_1 Pin=POT4-1
Added Pin To Net: NetName=NetC8_1 Pin=POT4-3
Added Pin To Net: NetName=NetC8_1 Pin=R13-2
Added Pin To Net: NetName=NetC8_1 Pin=R14-1
Added Net: Name=NetC8_1
Added Pin To Net: NetName=NetC11_1 Pin=C11-1
Added Pin To Net: NetName=NetC11_1 Pin=POT4-2
Added Net: Name=NetC11_1
Added Pin To Net: NetName=NetC11_2 Pin=C11-2
Added Pin To Net: NetName=NetC11_2 Pin=R15-2
Added Pin To Net: NetName=NetC11_2 Pin=R16-1
Added Pin To Net: NetName=NetC11_2 Pin=U2-5
Added Net: Name=NetC11_2
Added Pin To Net: NetName=Out Pin=R14-2
Added Pin To Net: NetName=Out Pin=R16-2
Added Pin To Net: NetName=Out Pin=TP1-1
Added Pin To Net: NetName=Out Pin=U2-7
Added Net: Name=Out
Added Member To Class: ClassName=Esquemático Member=Component C8 2.7n
Added Member To Class: ClassName=Esquemático Member=Component C11 270p
Added Member To Class: ClassName=Esquemático Member=Component POT4 10K
Added Member To Class: ClassName=Esquemático Member=Component R13 2K5
Added Member To Class: ClassName=Esquemático Member=Component R14 2K5
Added Member To Class: ClassName=Esquemático Member=Component R15 100K
Added Member To Class: ClassName=Esquemático Member=Component R16 100K
Added Member To Class: ClassName=Esquemático Member=Component TP1 TP
Added Member To Class: ClassName=Esquemático Member=Component TP2 TP
Added Member To Class: ClassName=Esquemático Member=Component TP3 TP
Added Member To Class: ClassName=Esquemático Member=Component TP5 TP
Added Member To Class: ClassName=Esquemático Member=Component TP6 TP
Added Room: Name=Esquemático
