Change Component Footprint: Designator=J1 Old Footprint=*CUI_SJ-3523-SMT-TR New Footprint=*CUI_SJ-3566AN
Change Component Footprint: Designator=J2 Old Footprint=*CUI_SJ-3523-SMT-TR New Footprint=*CUI_SJ-3566AN
Change Component Comment : Designator=J1 Old Comment=SJ-3523-SMT-TR New Comment=SJ-3566AN
Change Component Comment : Designator=J2 Old Comment=SJ-3523-SMT-TR New Comment=SJ-3566AN
Change component parameters: Designator = "J1"; Footprint = "*CUI_SJ-3566AN"; UniqueID = "\DVQGXEVY"
Change component parameters. Clean all parameters for all variants
Change component parameters (AddParameter): Name = "CUI_purchase_URL"; Value = "https://www.cui.com/product/interconnect/connectors/audio-connectors/jacks/sj-356xn-series?utm_source=snapeda.com&utm_medium=referral&utm_campaign=snapedaBOM"; VariantName = "[No Variations]"
Change component parameters (AddParameter): Name = "Digi-Key_Part_Number"; Value = "CP-SJ-3566AN-ND"; VariantName = "[No Variations]"
Change component parameters (AddParameter): Name = "Digi-Key_Purchase_URL"; Value = "https://www.digikey.com/product-detail/en/cui-inc/SJ-3566AN/CP-SJ-3566AN-ND/305112?utm_source=snapeda&utm_medium=aggregator&utm_campaign=symbol"; VariantName = "[No Variations]"
Change component parameters (AddParameter): Name = "MF"; Value = "CUI Inc."; VariantName = "[No Variations]"
Change component parameters (AddParameter): Name = "MP"; Value = "SJ-3566AN"; VariantName = "[No Variations]"
Change component parameters (AddParameter): Name = "Package"; Value = "None"; VariantName = "[No Variations]"
Change component parameters (AddParameter): Name = "SnapEDA_Link"; Value = "https://www.snapeda.com/parts/SJ-3566AN/CUI%20Inc./view-part/?ref=snap"; VariantName = "[No Variations]"
Change component parameters (AddParameter): Name = "Value"; Value = ""; VariantName = "[No Variations]"
Change component parameters: Designator = "J2"; Footprint = "*CUI_SJ-3566AN"; UniqueID = "\YIQUNOYN"
Change component parameters. Clean all parameters for all variants
Change component parameters (AddParameter): Name = "CUI_purchase_URL"; Value = "https://www.cui.com/product/interconnect/connectors/audio-connectors/jacks/sj-356xn-series?utm_source=snapeda.com&utm_medium=referral&utm_campaign=snapedaBOM"; VariantName = "[No Variations]"
Change component parameters (AddParameter): Name = "Digi-Key_Part_Number"; Value = "CP-SJ-3566AN-ND"; VariantName = "[No Variations]"
Change component parameters (AddParameter): Name = "Digi-Key_Purchase_URL"; Value = "https://www.digikey.com/product-detail/en/cui-inc/SJ-3566AN/CP-SJ-3566AN-ND/305112?utm_source=snapeda&utm_medium=aggregator&utm_campaign=symbol"; VariantName = "[No Variations]"
Change component parameters (AddParameter): Name = "MF"; Value = "CUI Inc."; VariantName = "[No Variations]"
Change component parameters (AddParameter): Name = "MP"; Value = "SJ-3566AN"; VariantName = "[No Variations]"
Change component parameters (AddParameter): Name = "Package"; Value = "None"; VariantName = "[No Variations]"
Change component parameters (AddParameter): Name = "SnapEDA_Link"; Value = "https://www.snapeda.com/parts/SJ-3566AN/CUI%20Inc./view-part/?ref=snap"; VariantName = "[No Variations]"
Change component parameters (AddParameter): Name = "Value"; Value = ""; VariantName = "[No Variations]"
Added Room: Name=Esquemático
