Removed Pin From Net: NetName=VEE Pin=R18-2
Removed Pin From Net: NetName=VEE Pin=R18-2
Removed Pin From Net: NetName=GND Pin=R18-3
Removed Pin From Net: NetName=GND Pin=R18-3
Change Component Footprint: Designator=R18 Old Footprint=PRESET H New Footprint=VR5
Change Component Comment : Designator=R18 Old Comment=PRESET New Comment=RPot
Change component parameters: Designator = "R18"; Footprint = "VR5"; UniqueID = "\OSJBWCJI"
Change component parameters. Clean all parameters for all variants
Change component parameters (AddParameter): Name = "LatestRevisionDate"; Value = "17-Jul-2002"; VariantName = "[No Variations]"
Change component parameters (AddParameter): Name = "LatestRevisionNote"; Value = "Re-released for DXP Platform."; VariantName = "[No Variations]"
Change component parameters (AddParameter): Name = "PackageDescription"; Value = "Variable Resistor, Thru-Hole; 3 Leads"; VariantName = "[No Variations]"
Change component parameters (AddParameter): Name = "PackageReference"; Value = "VR5"; VariantName = "[No Variations]"
Change component parameters (AddParameter): Name = "Published"; Value = "8-Jun-2000"; VariantName = "[No Variations]"
Change component parameters (AddParameter): Name = "Publisher"; Value = "Altium Limited"; VariantName = "[No Variations]"
Change component parameters (AddParameter): Name = "Set Position"; Value = "0.5"; VariantName = "[No Variations]"
Change component parameters (AddParameter): Name = "Sim Note"; Value = "Enter the Resistance value and the set point into parameter fields."; VariantName = "[No Variations]"
Change component parameters (AddParameter): Name = "Value"; Value = "1K"; VariantName = "[No Variations]"
Added Pin To Net: NetName=GND Pin=R18-1
Added Pin To Net: NetName=VEE Pin=R18-3
Added Room: Name=Esquemático
