This is pdfTeX, Version 3.14159265-2.6-1.40.20 (MiKTeX 2.9.7140 64-bit) (preloaded format=pdflatex 2019.8.18)  4 OCT 2019 06:55
entering extended mode
**./Ex4.tex
(Ex4.tex
LaTeX2e <2018-12-01>
("C:\Program Files\MiKTeX 2.9\tex/latex/base\article.cls"
Document Class: article 2018/09/03 v1.4i Standard LaTeX document class
("C:\Program Files\MiKTeX 2.9\tex/latex/base\size11.clo"
File: size11.clo 2018/09/03 v1.4i Standard LaTeX file (size option)
)
\c@part=\count80
\c@section=\count81
\c@subsection=\count82
\c@subsubsection=\count83
\c@paragraph=\count84
\c@subparagraph=\count85
\c@figure=\count86
\c@table=\count87
\abovecaptionskip=\skip41
\belowcaptionskip=\skip42
\bibindent=\dimen102
) (preamble.tex
("C:\Program Files\MiKTeX 2.9\tex/latex/base\inputenc.sty"
Package: inputenc 2018/08/11 v1.3c Input encoding file
\inpenc@prehook=\toks14
\inpenc@posthook=\toks15
)
("C:\Program Files\MiKTeX 2.9\tex/generic/babel\babel.sty"
Package: babel 2019/07/19 3.33 The Babel package

("C:\Program Files\MiKTeX 2.9\tex/generic/babel\switch.def"
File: switch.def 2019/07/19 3.33 Babel switching mechanism
)
*************************************
* Local config file bblopts.cfg used
*
(C:\Users\milto\AppData\Roaming\MiKTeX\2.9\tex/latex/arabi\bblopts.cfg
File: bblopts.cfg 2005/09/08 v0.1 add Arabic and Farsi to "declared" options of
 babel
)
("C:\Program Files\MiKTeX 2.9\tex/latex/babel-spanish\spanish.ldf"
Language: spanish.ldf 2016/03/03 v5.0p Spanish support from the babel system

("C:\Program Files\MiKTeX 2.9\tex/generic/babel\babel.def"
File: babel.def 2019/07/19 3.33 Babel common definitions
\babel@savecnt=\count88
\U@D=\dimen103

("C:\Program Files\MiKTeX 2.9\tex/generic/babel\txtbabel.def")
\bbl@dirlevel=\count89
)
\es@quottoks=\toks16
\es@quotdepth=\count90
Package babel Info: Making " an active character on input line 561.
Package babel Info: Making < an active character on input line 707.
Package babel Info: Making > an active character on input line 707.
))
(C:\Users\milto\AppData\Roaming\MiKTeX\2.9\tex/latex/sansmathfonts\sansmathfont
s.sty
Package: sansmathfonts 2013/03/22
LaTeX Font Info:    Redeclaring symbol font `operators' on input line 47.
LaTeX Font Info:    Overwriting symbol font `operators' in version `normal'
(Font)                  OT1/cmr/m/n --> OT1/cmsmf/m/n on input line 47.
LaTeX Font Info:    Overwriting symbol font `operators' in version `bold'
(Font)                  OT1/cmr/bx/n --> OT1/cmsmf/m/n on input line 47.
LaTeX Font Info:    Redeclaring symbol font `letters' on input line 48.
LaTeX Font Info:    Overwriting symbol font `letters' in version `normal'
(Font)                  OML/cmm/m/it --> OML/cmssm/m/it on input line 48.
LaTeX Font Info:    Overwriting symbol font `letters' in version `bold'
(Font)                  OML/cmm/b/it --> OML/cmssm/m/it on input line 48.
LaTeX Font Info:    Redeclaring symbol font `symbols' on input line 49.
LaTeX Font Info:    Overwriting symbol font `symbols' in version `normal'
(Font)                  OMS/cmsy/m/n --> OMS/cmsssy/m/n on input line 49.
LaTeX Font Info:    Overwriting symbol font `symbols' in version `bold'
(Font)                  OMS/cmsy/b/n --> OMS/cmsssy/m/n on input line 49.
LaTeX Font Info:    Redeclaring symbol font `largesymbols' on input line 50.
LaTeX Font Info:    Overwriting symbol font `largesymbols' in version `normal'
(Font)                  OMX/cmex/m/n --> OMX/cmssex/m/n on input line 50.
LaTeX Font Info:    Overwriting symbol font `largesymbols' in version `bold'
(Font)                  OMX/cmex/m/n --> OMX/cmssex/m/n on input line 50.
LaTeX Font Info:    Overwriting symbol font `operators' in version `bold'
(Font)                  OT1/cmsmf/m/n --> OT1/cmsmf/bx/n on input line 51.
LaTeX Font Info:    Overwriting symbol font `letters' in version `bold'
(Font)                  OML/cmssm/m/it --> OML/cmssm/b/it on input line 52.
LaTeX Font Info:    Overwriting symbol font `symbols' in version `bold'
(Font)                  OMS/cmsssy/m/n --> OMS/cmsssy/b/n on input line 53.
LaTeX Font Info:    Redeclaring math alphabet \mathbf on input line 79.
LaTeX Font Info:    Overwriting math alphabet `\mathbf' in version `normal'
(Font)                  OT1/cmr/bx/n --> OT1/cmsmf/bx/n on input line 79.
LaTeX Font Info:    Overwriting math alphabet `\mathbf' in version `bold'
(Font)                  OT1/cmr/bx/n --> OT1/cmsmf/bx/n on input line 79.
LaTeX Font Info:    Redeclaring math alphabet \mathsf on input line 80.
LaTeX Font Info:    Overwriting math alphabet `\mathsf' in version `normal'
(Font)                  OT1/cmss/m/n --> OT1/cmsmf/m/n on input line 80.
LaTeX Font Info:    Overwriting math alphabet `\mathsf' in version `bold'
(Font)                  OT1/cmss/bx/n --> OT1/cmsmf/m/n on input line 80.
LaTeX Font Info:    Redeclaring math alphabet \mathit on input line 81.
LaTeX Font Info:    Overwriting math alphabet `\mathit' in version `normal'
(Font)                  OT1/cmr/m/it --> OT1/cmsmf/m/it on input line 81.
LaTeX Font Info:    Overwriting math alphabet `\mathit' in version `bold'
(Font)                  OT1/cmr/bx/it --> OT1/cmsmf/m/it on input line 81.
LaTeX Font Info:    Redeclaring math alphabet \mathtt on input line 82.
LaTeX Font Info:    Overwriting math alphabet `\mathtt' in version `normal'
(Font)                  OT1/cmtt/m/n --> OT1/cmtt/m/n on input line 82.
LaTeX Font Info:    Overwriting math alphabet `\mathtt' in version `bold'
(Font)                  OT1/cmtt/m/n --> OT1/cmtt/m/n on input line 82.
LaTeX Font Info:    Overwriting math alphabet `\mathsf' in version `bold'
(Font)                  OT1/cmsmf/m/n --> OT1/cmsmf/bx/n on input line 83.
LaTeX Font Info:    Overwriting math alphabet `\mathit' in version `bold'
(Font)                  OT1/cmsmf/m/it --> OT1/cmsmf/bx/it on input line 84.
) ("C:\Program Files\MiKTeX 2.9\tex/latex/geometry\geometry.sty"
Package: geometry 2018/04/16 v5.8 Page Geometry

("C:\Program Files\MiKTeX 2.9\tex/latex/graphics\keyval.sty"
Package: keyval 2014/10/28 v1.15 key=value parser (DPC)
\KV@toks@=\toks17
)
("C:\Program Files\MiKTeX 2.9\tex/generic/oberdiek\ifpdf.sty"
Package: ifpdf 2018/09/07 v3.3 Provides the ifpdf switch
)
("C:\Program Files\MiKTeX 2.9\tex/generic/oberdiek\ifvtex.sty"
Package: ifvtex 2016/05/16 v1.6 Detect VTeX and its facilities (HO)
Package ifvtex Info: VTeX not detected.
)
("C:\Program Files\MiKTeX 2.9\tex/generic/ifxetex\ifxetex.sty"
Package: ifxetex 2010/09/12 v0.6 Provides ifxetex conditional
)
\Gm@cnth=\count91
\Gm@cntv=\count92
\c@Gm@tempcnt=\count93
\Gm@bindingoffset=\dimen104
\Gm@wd@mp=\dimen105
\Gm@odd@mp=\dimen106
\Gm@even@mp=\dimen107
\Gm@layoutwidth=\dimen108
\Gm@layoutheight=\dimen109
\Gm@layouthoffset=\dimen110
\Gm@layoutvoffset=\dimen111
\Gm@dimlist=\toks18

("C:\Program Files\MiKTeX 2.9\tex/latex/geometry\geometry.cfg"))
(C:\Users\milto\AppData\Roaming\MiKTeX\2.9\tex/latex/caption\caption.sty
Package: caption 2018/10/06 v3.3-154 Customizing captions (AR)

(C:\Users\milto\AppData\Roaming\MiKTeX\2.9\tex/latex/caption\caption3.sty
Package: caption3 2018/09/12 v1.8c caption3 kernel (AR)
Package caption3 Info: TeX engine: e-TeX on input line 64.
\captionmargin=\dimen112
\captionmargin@=\dimen113
\captionwidth=\dimen114
\caption@tempdima=\dimen115
\caption@indent=\dimen116
\caption@parindent=\dimen117
\caption@hangindent=\dimen118
)
\c@caption@flags=\count94
\c@ContinuedFloat=\count95
)
("C:\Program Files\MiKTeX 2.9\tex/latex/hyperref\hyperref.sty"
Package: hyperref 2019/06/12 v6.88h Hypertext links for LaTeX

("C:\Program Files\MiKTeX 2.9\tex/generic/oberdiek\hobsub-hyperref.sty"
Package: hobsub-hyperref 2016/05/16 v1.14 Bundle oberdiek, subset hyperref (HO)


("C:\Program Files\MiKTeX 2.9\tex/generic/oberdiek\hobsub-generic.sty"
Package: hobsub-generic 2016/05/16 v1.14 Bundle oberdiek, subset generic (HO)
Package: hobsub 2016/05/16 v1.14 Construct package bundles (HO)
Package: infwarerr 2016/05/16 v1.4 Providing info/warning/error messages (HO)
Package: ltxcmds 2016/05/16 v1.23 LaTeX kernel commands for general use (HO)
Package: ifluatex 2016/05/16 v1.4 Provides the ifluatex switch (HO)
Package ifluatex Info: LuaTeX not detected.
Package hobsub Info: Skipping package `ifvtex' (already loaded).
Package: intcalc 2016/05/16 v1.2 Expandable calculations with integers (HO)
Package hobsub Info: Skipping package `ifpdf' (already loaded).
Package: etexcmds 2016/05/16 v1.6 Avoid name clashes with e-TeX commands (HO)
Package: kvsetkeys 2016/05/16 v1.17 Key value parser (HO)
Package: kvdefinekeys 2016/05/16 v1.4 Define keys (HO)
Package: pdftexcmds 2019/07/25 v0.30 Utility functions of pdfTeX for LuaTeX (HO
)
Package pdftexcmds Info: LuaTeX not detected.
Package pdftexcmds Info: \pdf@primitive is available.
Package pdftexcmds Info: \pdf@ifprimitive is available.
Package pdftexcmds Info: \pdfdraftmode found.
Package: pdfescape 2016/05/16 v1.14 Implements pdfTeX's escape features (HO)
Package: bigintcalc 2016/05/16 v1.4 Expandable calculations on big integers (HO
)
Package: bitset 2016/05/16 v1.2 Handle bit-vector datatype (HO)
Package: uniquecounter 2016/05/16 v1.3 Provide unlimited unique counter (HO)
)
Package hobsub Info: Skipping package `hobsub' (already loaded).
Package: letltxmacro 2016/05/16 v1.5 Let assignment for LaTeX macros (HO)
Package: hopatch 2016/05/16 v1.3 Wrapper for package hooks (HO)
Package: xcolor-patch 2016/05/16 xcolor patch
Package: atveryend 2016/05/16 v1.9 Hooks at the very end of document (HO)
Package atveryend Info: \enddocument detected (standard20110627).
Package: atbegshi 2016/06/09 v1.18 At begin shipout hook (HO)
Package: refcount 2016/05/16 v3.5 Data extraction from label references (HO)
Package: hycolor 2016/05/16 v1.8 Color options for hyperref/bookmark (HO)
)
("C:\Program Files\MiKTeX 2.9\tex/latex/oberdiek\auxhook.sty"
Package: auxhook 2016/05/16 v1.4 Hooks for auxiliary files (HO)
)
("C:\Program Files\MiKTeX 2.9\tex/latex/oberdiek\kvoptions.sty"
Package: kvoptions 2016/05/16 v3.12 Key value format for package options (HO)
)
\@linkdim=\dimen119
\Hy@linkcounter=\count96
\Hy@pagecounter=\count97

("C:\Program Files\MiKTeX 2.9\tex/latex/hyperref\pd1enc.def"
File: pd1enc.def 2019/06/12 v6.88h Hyperref: PDFDocEncoding definition (HO)
Now handling font encoding PD1 ...
... no UTF-8 mapping file for font encoding PD1
)
\Hy@SavedSpaceFactor=\count98

("C:\Program Files\MiKTeX 2.9\tex/latex/00miktex\hyperref.cfg"
File: hyperref.cfg 2002/06/06 v1.2 hyperref configuration of TeXLive
)
Package hyperref Info: Hyper figures OFF on input line 4550.
Package hyperref Info: Link nesting OFF on input line 4555.
Package hyperref Info: Hyper index ON on input line 4558.
Package hyperref Info: Plain pages OFF on input line 4565.
Package hyperref Info: Backreferencing OFF on input line 4570.
Package hyperref Info: Implicit mode ON; LaTeX internals redefined.
Package hyperref Info: Bookmarks ON on input line 4803.
\c@Hy@tempcnt=\count99

(C:\Users\milto\AppData\Roaming\MiKTeX\2.9\tex/latex/url\url.sty
\Urlmuskip=\muskip10
Package: url 2013/09/16  ver 3.4  Verb mode for urls, etc.
)
LaTeX Info: Redefining \url on input line 5156.
\XeTeXLinkMargin=\dimen120
\Fld@menulength=\count100
\Field@Width=\dimen121
\Fld@charsize=\dimen122
Package hyperref Info: Hyper figures OFF on input line 6411.
Package hyperref Info: Link nesting OFF on input line 6416.
Package hyperref Info: Hyper index ON on input line 6419.
Package hyperref Info: backreferencing OFF on input line 6426.
Package hyperref Info: Link coloring OFF on input line 6431.
Package hyperref Info: Link coloring with OCG OFF on input line 6436.
Package hyperref Info: PDF/A mode OFF on input line 6441.
LaTeX Info: Redefining \ref on input line 6481.
LaTeX Info: Redefining \pageref on input line 6485.
\Hy@abspage=\count101
\c@Item=\count102
\c@Hfootnote=\count103
)
Package hyperref Info: Driver (autodetected): hpdftex.

("C:\Program Files\MiKTeX 2.9\tex/latex/hyperref\hpdftex.def"
File: hpdftex.def 2019/06/12 v6.88h Hyperref driver for pdfTeX
\Fld@listcount=\count104
\c@bookmark@seq@number=\count105

("C:\Program Files\MiKTeX 2.9\tex/latex/oberdiek\rerunfilecheck.sty"
Package: rerunfilecheck 2016/05/16 v1.8 Rerun checks for auxiliary files (HO)
Package uniquecounter Info: New unique counter `rerunfilecheck' on input line 2
82.
)
\Hy@SectionHShift=\skip43
)
Package hyperref Info: Option `colorlinks' set `true' on input line 21.

(C:\Users\milto\AppData\Roaming\MiKTeX\2.9\tex/latex/fancyhdr\fancyhdr.sty
Package: fancyhdr 2019/01/31 v3.10 Extensive control of page headers and footer
s
\f@nch@headwidth=\skip44
\f@nch@O@elh=\skip45
\f@nch@O@erh=\skip46
\f@nch@O@olh=\skip47
\f@nch@O@orh=\skip48
\f@nch@O@elf=\skip49
\f@nch@O@erf=\skip50
\f@nch@O@olf=\skip51
\f@nch@O@orf=\skip52
)
("C:\Program Files\MiKTeX 2.9\tex/latex/tools\array.sty"
Package: array 2018/12/30 v2.4k Tabular extension package (FMi)
\col@sep=\dimen123
\ar@mcellbox=\box27
\extrarowheight=\dimen124
\NC@list=\toks19
\extratabsurround=\skip53
\backup@length=\skip54
\ar@cellbox=\box28
)
(C:\Users\milto\AppData\Roaming\MiKTeX\2.9\tex/latex/pgf/frontendlayer\tikz.sty
(C:\Users\milto\AppData\Roaming\MiKTeX\2.9\tex/latex/pgf/basiclayer\pgf.sty
(C:\Users\milto\AppData\Roaming\MiKTeX\2.9\tex/latex/pgf/utilities\pgfrcs.sty
(C:\Users\milto\AppData\Roaming\MiKTeX\2.9\tex/generic/pgf/utilities\pgfutil-co
mmon.tex
\pgfutil@everybye=\toks20
\pgfutil@tempdima=\dimen125
\pgfutil@tempdimb=\dimen126

(C:\Users\milto\AppData\Roaming\MiKTeX\2.9\tex/generic/pgf/utilities\pgfutil-co
mmon-lists.tex))
(C:\Users\milto\AppData\Roaming\MiKTeX\2.9\tex/generic/pgf/utilities\pgfutil-la
tex.def
\pgfutil@abb=\box29
 (C:\Users\milto\AppData\Roaming\MiKTeX\2.9\tex/latex/ms\everyshi.sty
Package: everyshi 2001/05/15 v3.00 EveryShipout Package (MS)
))
(C:\Users\milto\AppData\Roaming\MiKTeX\2.9\tex/generic/pgf/utilities\pgfrcs.cod
e.tex
(C:\Users\milto\AppData\Roaming\MiKTeX\2.9\tex/generic/pgf\pgf.revision.tex)
Package: pgfrcs 2019/08/03 v3.1.4b (3.1.4b)
))
Package: pgf 2019/08/03 v3.1.4b (3.1.4b)

(C:\Users\milto\AppData\Roaming\MiKTeX\2.9\tex/latex/pgf/basiclayer\pgfcore.sty
("C:\Program Files\MiKTeX 2.9\tex/latex/graphics\graphicx.sty"
Package: graphicx 2017/06/01 v1.1a Enhanced LaTeX Graphics (DPC,SPQR)

("C:\Program Files\MiKTeX 2.9\tex/latex/graphics\graphics.sty"
Package: graphics 2017/06/25 v1.2c Standard LaTeX Graphics (DPC,SPQR)

("C:\Program Files\MiKTeX 2.9\tex/latex/graphics\trig.sty"
Package: trig 2016/01/03 v1.10 sin cos tan (DPC)
)
("C:\Program Files\MiKTeX 2.9\tex/latex/graphics-cfg\graphics.cfg"
File: graphics.cfg 2016/06/04 v1.11 sample graphics configuration
)
Package graphics Info: Driver file: pdftex.def on input line 99.

("C:\Program Files\MiKTeX 2.9\tex/latex/graphics-def\pdftex.def"
File: pdftex.def 2018/01/08 v1.0l Graphics/color driver for pdftex
))
\Gin@req@height=\dimen127
\Gin@req@width=\dimen128
)
(C:\Users\milto\AppData\Roaming\MiKTeX\2.9\tex/latex/pgf/systemlayer\pgfsys.sty

(C:\Users\milto\AppData\Roaming\MiKTeX\2.9\tex/generic/pgf/systemlayer\pgfsys.c
ode.tex
Package: pgfsys 2019/08/03 v3.1.4b (3.1.4b)

(C:\Users\milto\AppData\Roaming\MiKTeX\2.9\tex/generic/pgf/utilities\pgfkeys.co
de.tex
\pgfkeys@pathtoks=\toks21
\pgfkeys@temptoks=\toks22

(C:\Users\milto\AppData\Roaming\MiKTeX\2.9\tex/generic/pgf/utilities\pgfkeysfil
tered.code.tex
\pgfkeys@tmptoks=\toks23
))
\pgf@x=\dimen129
\pgf@y=\dimen130
\pgf@xa=\dimen131
\pgf@ya=\dimen132
\pgf@xb=\dimen133
\pgf@yb=\dimen134
\pgf@xc=\dimen135
\pgf@yc=\dimen136
\pgf@xd=\dimen137
\pgf@yd=\dimen138
\w@pgf@writea=\write3
\r@pgf@reada=\read1
\c@pgf@counta=\count106
\c@pgf@countb=\count107
\c@pgf@countc=\count108
\c@pgf@countd=\count109
\t@pgf@toka=\toks24
\t@pgf@tokb=\toks25
\t@pgf@tokc=\toks26
\pgf@sys@id@count=\count110

(C:\Users\milto\AppData\Roaming\MiKTeX\2.9\tex/generic/pgf/systemlayer\pgf.cfg
File: pgf.cfg 2019/08/03 v3.1.4b (3.1.4b)
)
Driver file for pgf: pgfsys-pdftex.def

(C:\Users\milto\AppData\Roaming\MiKTeX\2.9\tex/generic/pgf/systemlayer\pgfsys-p
dftex.def
File: pgfsys-pdftex.def 2019/08/03 v3.1.4b (3.1.4b)

(C:\Users\milto\AppData\Roaming\MiKTeX\2.9\tex/generic/pgf/systemlayer\pgfsys-c
ommon-pdf.def
File: pgfsys-common-pdf.def 2019/08/03 v3.1.4b (3.1.4b)
)))
(C:\Users\milto\AppData\Roaming\MiKTeX\2.9\tex/generic/pgf/systemlayer\pgfsysso
ftpath.code.tex
File: pgfsyssoftpath.code.tex 2019/08/03 v3.1.4b (3.1.4b)
\pgfsyssoftpath@smallbuffer@items=\count111
\pgfsyssoftpath@bigbuffer@items=\count112
)
(C:\Users\milto\AppData\Roaming\MiKTeX\2.9\tex/generic/pgf/systemlayer\pgfsyspr
otocol.code.tex
File: pgfsysprotocol.code.tex 2019/08/03 v3.1.4b (3.1.4b)
))
(C:\Users\milto\AppData\Roaming\MiKTeX\2.9\tex/latex/xcolor\xcolor.sty
Package: xcolor 2016/05/11 v2.12 LaTeX color extensions (UK)

("C:\Program Files\MiKTeX 2.9\tex/latex/graphics-cfg\color.cfg"
File: color.cfg 2016/01/02 v1.6 sample color configuration
)
Package xcolor Info: Driver file: pdftex.def on input line 225.
Package xcolor Info: Model `cmy' substituted by `cmy0' on input line 1348.
Package xcolor Info: Model `hsb' substituted by `rgb' on input line 1352.
Package xcolor Info: Model `RGB' extended on input line 1364.
Package xcolor Info: Model `HTML' substituted by `rgb' on input line 1366.
Package xcolor Info: Model `Hsb' substituted by `hsb' on input line 1367.
Package xcolor Info: Model `tHsb' substituted by `hsb' on input line 1368.
Package xcolor Info: Model `HSB' substituted by `hsb' on input line 1369.
Package xcolor Info: Model `Gray' substituted by `gray' on input line 1370.
Package xcolor Info: Model `wave' substituted by `hsb' on input line 1371.
)
(C:\Users\milto\AppData\Roaming\MiKTeX\2.9\tex/generic/pgf/basiclayer\pgfcore.c
ode.tex
Package: pgfcore 2019/08/03 v3.1.4b (3.1.4b)

(C:\Users\milto\AppData\Roaming\MiKTeX\2.9\tex/generic/pgf/math\pgfmath.code.te
x
(C:\Users\milto\AppData\Roaming\MiKTeX\2.9\tex/generic/pgf/math\pgfmathcalc.cod
e.tex
(C:\Users\milto\AppData\Roaming\MiKTeX\2.9\tex/generic/pgf/math\pgfmathutil.cod
e.tex)
(C:\Users\milto\AppData\Roaming\MiKTeX\2.9\tex/generic/pgf/math\pgfmathparser.c
ode.tex
\pgfmath@dimen=\dimen139
\pgfmath@count=\count113
\pgfmath@box=\box30
\pgfmath@toks=\toks27
\pgfmath@stack@operand=\toks28
\pgfmath@stack@operation=\toks29
)
(C:\Users\milto\AppData\Roaming\MiKTeX\2.9\tex/generic/pgf/math\pgfmathfunction
s.code.tex
(C:\Users\milto\AppData\Roaming\MiKTeX\2.9\tex/generic/pgf/math\pgfmathfunction
s.basic.code.tex)
(C:\Users\milto\AppData\Roaming\MiKTeX\2.9\tex/generic/pgf/math\pgfmathfunction
s.trigonometric.code.tex)
(C:\Users\milto\AppData\Roaming\MiKTeX\2.9\tex/generic/pgf/math\pgfmathfunction
s.random.code.tex)
(C:\Users\milto\AppData\Roaming\MiKTeX\2.9\tex/generic/pgf/math\pgfmathfunction
s.comparison.code.tex)
(C:\Users\milto\AppData\Roaming\MiKTeX\2.9\tex/generic/pgf/math\pgfmathfunction
s.base.code.tex)
(C:\Users\milto\AppData\Roaming\MiKTeX\2.9\tex/generic/pgf/math\pgfmathfunction
s.round.code.tex)
(C:\Users\milto\AppData\Roaming\MiKTeX\2.9\tex/generic/pgf/math\pgfmathfunction
s.misc.code.tex)
(C:\Users\milto\AppData\Roaming\MiKTeX\2.9\tex/generic/pgf/math\pgfmathfunction
s.integerarithmetics.code.tex)))
(C:\Users\milto\AppData\Roaming\MiKTeX\2.9\tex/generic/pgf/math\pgfmathfloat.co
de.tex
\c@pgfmathroundto@lastzeros=\count114
))
(C:\Users\milto\AppData\Roaming\MiKTeX\2.9\tex/generic/pgf/math\pgfint.code.tex
)
(C:\Users\milto\AppData\Roaming\MiKTeX\2.9\tex/generic/pgf/basiclayer\pgfcorepo
ints.code.tex
File: pgfcorepoints.code.tex 2019/08/03 v3.1.4b (3.1.4b)
\pgf@picminx=\dimen140
\pgf@picmaxx=\dimen141
\pgf@picminy=\dimen142
\pgf@picmaxy=\dimen143
\pgf@pathminx=\dimen144
\pgf@pathmaxx=\dimen145
\pgf@pathminy=\dimen146
\pgf@pathmaxy=\dimen147
\pgf@xx=\dimen148
\pgf@xy=\dimen149
\pgf@yx=\dimen150
\pgf@yy=\dimen151
\pgf@zx=\dimen152
\pgf@zy=\dimen153
)
(C:\Users\milto\AppData\Roaming\MiKTeX\2.9\tex/generic/pgf/basiclayer\pgfcorepa
thconstruct.code.tex
File: pgfcorepathconstruct.code.tex 2019/08/03 v3.1.4b (3.1.4b)
\pgf@path@lastx=\dimen154
\pgf@path@lasty=\dimen155
)
(C:\Users\milto\AppData\Roaming\MiKTeX\2.9\tex/generic/pgf/basiclayer\pgfcorepa
thusage.code.tex
File: pgfcorepathusage.code.tex 2019/08/03 v3.1.4b (3.1.4b)
\pgf@shorten@end@additional=\dimen156
\pgf@shorten@start@additional=\dimen157
)
(C:\Users\milto\AppData\Roaming\MiKTeX\2.9\tex/generic/pgf/basiclayer\pgfcoresc
opes.code.tex
File: pgfcorescopes.code.tex 2019/08/03 v3.1.4b (3.1.4b)
\pgfpic=\box31
\pgf@hbox=\box32
\pgf@layerbox@main=\box33
\pgf@picture@serial@count=\count115
)
(C:\Users\milto\AppData\Roaming\MiKTeX\2.9\tex/generic/pgf/basiclayer\pgfcoregr
aphicstate.code.tex
File: pgfcoregraphicstate.code.tex 2019/08/03 v3.1.4b (3.1.4b)
\pgflinewidth=\dimen158
)
(C:\Users\milto\AppData\Roaming\MiKTeX\2.9\tex/generic/pgf/basiclayer\pgfcoretr
ansformations.code.tex
File: pgfcoretransformations.code.tex 2019/08/03 v3.1.4b (3.1.4b)
\pgf@pt@x=\dimen159
\pgf@pt@y=\dimen160
\pgf@pt@temp=\dimen161
)
(C:\Users\milto\AppData\Roaming\MiKTeX\2.9\tex/generic/pgf/basiclayer\pgfcorequ
ick.code.tex
File: pgfcorequick.code.tex 2019/08/03 v3.1.4b (3.1.4b)
)
(C:\Users\milto\AppData\Roaming\MiKTeX\2.9\tex/generic/pgf/basiclayer\pgfcoreob
jects.code.tex
File: pgfcoreobjects.code.tex 2019/08/03 v3.1.4b (3.1.4b)
)
(C:\Users\milto\AppData\Roaming\MiKTeX\2.9\tex/generic/pgf/basiclayer\pgfcorepa
thprocessing.code.tex
File: pgfcorepathprocessing.code.tex 2019/08/03 v3.1.4b (3.1.4b)
)
(C:\Users\milto\AppData\Roaming\MiKTeX\2.9\tex/generic/pgf/basiclayer\pgfcorear
rows.code.tex
File: pgfcorearrows.code.tex 2019/08/03 v3.1.4b (3.1.4b)
\pgfarrowsep=\dimen162
)
(C:\Users\milto\AppData\Roaming\MiKTeX\2.9\tex/generic/pgf/basiclayer\pgfcoresh
ade.code.tex
File: pgfcoreshade.code.tex 2019/08/03 v3.1.4b (3.1.4b)
\pgf@max=\dimen163
\pgf@sys@shading@range@num=\count116
\pgf@shadingcount=\count117
)
(C:\Users\milto\AppData\Roaming\MiKTeX\2.9\tex/generic/pgf/basiclayer\pgfcoreim
age.code.tex
File: pgfcoreimage.code.tex 2019/08/03 v3.1.4b (3.1.4b)

(C:\Users\milto\AppData\Roaming\MiKTeX\2.9\tex/generic/pgf/basiclayer\pgfcoreex
ternal.code.tex
File: pgfcoreexternal.code.tex 2019/08/03 v3.1.4b (3.1.4b)
\pgfexternal@startupbox=\box34
))
(C:\Users\milto\AppData\Roaming\MiKTeX\2.9\tex/generic/pgf/basiclayer\pgfcorela
yers.code.tex
File: pgfcorelayers.code.tex 2019/08/03 v3.1.4b (3.1.4b)
)
(C:\Users\milto\AppData\Roaming\MiKTeX\2.9\tex/generic/pgf/basiclayer\pgfcoretr
ansparency.code.tex
File: pgfcoretransparency.code.tex 2019/08/03 v3.1.4b (3.1.4b)
)
(C:\Users\milto\AppData\Roaming\MiKTeX\2.9\tex/generic/pgf/basiclayer\pgfcorepa
tterns.code.tex
File: pgfcorepatterns.code.tex 2019/08/03 v3.1.4b (3.1.4b)
)
(C:\Users\milto\AppData\Roaming\MiKTeX\2.9\tex/generic/pgf/basiclayer\pgfcorerd
f.code.tex
File: pgfcorerdf.code.tex 2019/08/03 v3.1.4b (3.1.4b)
)))
(C:\Users\milto\AppData\Roaming\MiKTeX\2.9\tex/generic/pgf/modules\pgfmodulesha
pes.code.tex
File: pgfmoduleshapes.code.tex 2019/08/03 v3.1.4b (3.1.4b)
\pgfnodeparttextbox=\box35
)
(C:\Users\milto\AppData\Roaming\MiKTeX\2.9\tex/generic/pgf/modules\pgfmoduleplo
t.code.tex
File: pgfmoduleplot.code.tex 2019/08/03 v3.1.4b (3.1.4b)
)
(C:\Users\milto\AppData\Roaming\MiKTeX\2.9\tex/latex/pgf/compatibility\pgfcomp-
version-0-65.sty
Package: pgfcomp-version-0-65 2019/08/03 v3.1.4b (3.1.4b)
\pgf@nodesepstart=\dimen164
\pgf@nodesepend=\dimen165
)
(C:\Users\milto\AppData\Roaming\MiKTeX\2.9\tex/latex/pgf/compatibility\pgfcomp-
version-1-18.sty
Package: pgfcomp-version-1-18 2019/08/03 v3.1.4b (3.1.4b)
))
(C:\Users\milto\AppData\Roaming\MiKTeX\2.9\tex/latex/pgf/utilities\pgffor.sty
(C:\Users\milto\AppData\Roaming\MiKTeX\2.9\tex/latex/pgf/utilities\pgfkeys.sty
(C:\Users\milto\AppData\Roaming\MiKTeX\2.9\tex/generic/pgf/utilities\pgfkeys.co
de.tex))
(C:\Users\milto\AppData\Roaming\MiKTeX\2.9\tex/latex/pgf/math\pgfmath.sty
(C:\Users\milto\AppData\Roaming\MiKTeX\2.9\tex/generic/pgf/math\pgfmath.code.te
x))
(C:\Users\milto\AppData\Roaming\MiKTeX\2.9\tex/generic/pgf/utilities\pgffor.cod
e.tex
Package: pgffor 2019/08/03 v3.1.4b (3.1.4b)

(C:\Users\milto\AppData\Roaming\MiKTeX\2.9\tex/generic/pgf/math\pgfmath.code.te
x)
\pgffor@iter=\dimen166
\pgffor@skip=\dimen167
\pgffor@stack=\toks30
\pgffor@toks=\toks31
))
(C:\Users\milto\AppData\Roaming\MiKTeX\2.9\tex/generic/pgf/frontendlayer/tikz\t
ikz.code.tex
Package: tikz 2019/08/03 v3.1.4b (3.1.4b)

(C:\Users\milto\AppData\Roaming\MiKTeX\2.9\tex/generic/pgf/libraries\pgflibrary
plothandlers.code.tex
File: pgflibraryplothandlers.code.tex 2019/08/03 v3.1.4b (3.1.4b)
\pgf@plot@mark@count=\count118
\pgfplotmarksize=\dimen168
)
\tikz@lastx=\dimen169
\tikz@lasty=\dimen170
\tikz@lastxsaved=\dimen171
\tikz@lastysaved=\dimen172
\tikz@lastmovetox=\dimen173
\tikz@lastmovetoy=\dimen174
\tikzleveldistance=\dimen175
\tikzsiblingdistance=\dimen176
\tikz@figbox=\box36
\tikz@figbox@bg=\box37
\tikz@tempbox=\box38
\tikz@tempbox@bg=\box39
\tikztreelevel=\count119
\tikznumberofchildren=\count120
\tikznumberofcurrentchild=\count121
\tikz@fig@count=\count122

(C:\Users\milto\AppData\Roaming\MiKTeX\2.9\tex/generic/pgf/modules\pgfmodulemat
rix.code.tex
File: pgfmodulematrix.code.tex 2019/08/03 v3.1.4b (3.1.4b)
\pgfmatrixcurrentrow=\count123
\pgfmatrixcurrentcolumn=\count124
\pgf@matrix@numberofcolumns=\count125
)
\tikz@expandcount=\count126

(C:\Users\milto\AppData\Roaming\MiKTeX\2.9\tex/generic/pgf/frontendlayer/tikz/l
ibraries\tikzlibrarytopaths.code.tex
File: tikzlibrarytopaths.code.tex 2019/08/03 v3.1.4b (3.1.4b)
)))
(C:\Users\milto\AppData\Roaming\MiKTeX\2.9\tex/generic/pgf/frontendlayer/tikz/l
ibraries\tikzlibrarybabel.code.tex
File: tikzlibrarybabel.code.tex 2019/08/03 v3.1.4b (3.1.4b)
)
("C:\Program Files\MiKTeX 2.9\tex/latex/amsmath\amsmath.sty"
Package: amsmath 2018/12/01 v2.17b AMS math features
\@mathmargin=\skip55

For additional information on amsmath, use the `?' option.
("C:\Program Files\MiKTeX 2.9\tex/latex/amsmath\amstext.sty"
Package: amstext 2000/06/29 v2.01 AMS text

("C:\Program Files\MiKTeX 2.9\tex/latex/amsmath\amsgen.sty"
File: amsgen.sty 1999/11/30 v2.0 generic functions
\@emptytoks=\toks32
\ex@=\dimen177
))
("C:\Program Files\MiKTeX 2.9\tex/latex/amsmath\amsbsy.sty"
Package: amsbsy 1999/11/29 v1.2d Bold Symbols
\pmbraise@=\dimen178
)
("C:\Program Files\MiKTeX 2.9\tex/latex/amsmath\amsopn.sty"
Package: amsopn 2016/03/08 v2.02 operator names
)
\inf@bad=\count127
LaTeX Info: Redefining \frac on input line 223.
\uproot@=\count128
\leftroot@=\count129
LaTeX Info: Redefining \overline on input line 385.
\classnum@=\count130
\DOTSCASE@=\count131
LaTeX Info: Redefining \ldots on input line 482.
LaTeX Info: Redefining \dots on input line 485.
LaTeX Info: Redefining \cdots on input line 606.
\Mathstrutbox@=\box40
\strutbox@=\box41
\big@size=\dimen179
LaTeX Font Info:    Redeclaring font encoding OML on input line 729.
LaTeX Font Info:    Redeclaring font encoding OMS on input line 730.
\macc@depth=\count132
\c@MaxMatrixCols=\count133
\dotsspace@=\muskip11
\c@parentequation=\count134
\dspbrk@lvl=\count135
\tag@help=\toks33
\row@=\count136
\column@=\count137
\maxfields@=\count138
\andhelp@=\toks34
\eqnshift@=\dimen180
\alignsep@=\dimen181
\tagshift@=\dimen182
\tagwidth@=\dimen183
\totwidth@=\dimen184
\lineht@=\dimen185
\@envbody=\toks35
\multlinegap=\skip56
\multlinetaggap=\skip57
\mathdisplay@stack=\toks36
LaTeX Info: Redefining \[ on input line 2844.
LaTeX Info: Redefining \] on input line 2845.
)
("C:\Program Files\MiKTeX 2.9\tex/latex/tools\bm.sty"
Package: bm 2017/01/16 v1.2c Bold Symbol Support (DPC/FMi)
\symboldoperators=\mathgroup4
\symboldletters=\mathgroup5
\symboldsymbols=\mathgroup6
LaTeX Font Info:    Redeclaring math alphabet \mathbf on input line 141.
LaTeX Info: Redefining \bm on input line 207.
)
("C:\Program Files\MiKTeX 2.9\tex/latex/float\float.sty"
Package: float 2001/11/08 v1.3d Float enhancements (AL)
\c@float@type=\count139
\float@exts=\toks37
\float@box=\box42
\@float@everytoks=\toks38
\@floatcapt=\box43
)
(C:\Users\milto\AppData\Roaming\MiKTeX\2.9\tex/latex/mathtools\mathtools.sty
Package: mathtools 2019/07/31 v1.22 mathematical typesetting tools

("C:\Program Files\MiKTeX 2.9\tex/latex/tools\calc.sty"
Package: calc 2017/05/25 v4.3 Infix arithmetic (KKT,FJ)
\calc@Acount=\count140
\calc@Bcount=\count141
\calc@Adimen=\dimen186
\calc@Bdimen=\dimen187
\calc@Askip=\skip58
\calc@Bskip=\skip59
LaTeX Info: Redefining \setlength on input line 80.
LaTeX Info: Redefining \addtolength on input line 81.
\calc@Ccount=\count142
\calc@Cskip=\skip60
)
(C:\Users\milto\AppData\Roaming\MiKTeX\2.9\tex/latex/mathtools\mhsetup.sty
Package: mhsetup 2017/03/31 v1.3 programming setup (MH)
)
LaTeX Info: Thecontrolsequence`\('isalreadyrobust on input line 129.
LaTeX Info: Thecontrolsequence`\)'isalreadyrobust on input line 129.
LaTeX Info: Thecontrolsequence`\['isalreadyrobust on input line 129.
LaTeX Info: Thecontrolsequence`\]'isalreadyrobust on input line 129.
\g_MT_multlinerow_int=\count143
\l_MT_multwidth_dim=\dimen188
\origjot=\skip61
\l_MT_shortvdotswithinadjustabove_dim=\dimen189
\l_MT_shortvdotswithinadjustbelow_dim=\dimen190
\l_MT_above_intertext_sep=\dimen191
\l_MT_below_intertext_sep=\dimen192
\l_MT_above_shortintertext_sep=\dimen193
\l_MT_below_shortintertext_sep=\dimen194
))
(C:\Users\milto\AppData\Roaming\MiKTeX\2.9\tex/latex/siunitx\siunitx.sty
(C:\Users\milto\AppData\Roaming\MiKTeX\2.9\tex/latex/l3kernel\expl3.sty
Package: expl3 2019-08-14 L3 programming layer (loader) 

(C:\Users\milto\AppData\Roaming\MiKTeX\2.9\tex/latex/l3kernel\expl3-code.tex
Package: expl3 2019-08-14 L3 programming layer (code)
\c_max_int=\count144
\l_tmpa_int=\count145
\l_tmpb_int=\count146
\g_tmpa_int=\count147
\g_tmpb_int=\count148
\g__kernel_prg_map_int=\count149
\c__ior_term_noprompt_ior=\count150
\c_log_iow=\count151
\l_iow_line_count_int=\count152
\l__iow_line_target_int=\count153
\l__iow_one_indent_int=\count154
\l__iow_indent_int=\count155
\c_zero_dim=\dimen195
\c_max_dim=\dimen196
\l_tmpa_dim=\dimen197
\l_tmpb_dim=\dimen198
\g_tmpa_dim=\dimen199
\g_tmpb_dim=\dimen256
\c_zero_skip=\skip62
\c_max_skip=\skip63
\l_tmpa_skip=\skip64
\l_tmpb_skip=\skip65
\g_tmpa_skip=\skip66
\g_tmpb_skip=\skip67
\c_zero_muskip=\muskip12
\c_max_muskip=\muskip13
\l_tmpa_muskip=\muskip14
\l_tmpb_muskip=\muskip15
\g_tmpa_muskip=\muskip16
\g_tmpb_muskip=\muskip17
\l_keys_choice_int=\count156
\l__intarray_loop_int=\count157
\c__intarray_sp_dim=\dimen257
\g__intarray_font_int=\count158
\c__fp_leading_shift_int=\count159
\c__fp_middle_shift_int=\count160
\c__fp_trailing_shift_int=\count161
\c__fp_big_leading_shift_int=\count162
\c__fp_big_middle_shift_int=\count163
\c__fp_big_trailing_shift_int=\count164
\c__fp_Bigg_leading_shift_int=\count165
\c__fp_Bigg_middle_shift_int=\count166
\c__fp_Bigg_trailing_shift_int=\count167
\c__kernel_randint_max_int=\count168
\g__fp_array_int=\count169
\l__fp_array_loop_int=\count170
\l__sort_length_int=\count171
\l__sort_min_int=\count172
\l__sort_top_int=\count173
\l__sort_max_int=\count174
\l__sort_true_max_int=\count175
\l__sort_block_int=\count176
\l__sort_begin_int=\count177
\l__sort_end_int=\count178
\l__sort_A_int=\count179
\l__sort_B_int=\count180
\l__sort_C_int=\count181
\l__str_internal_int=\count182
\c__str_replacement_char_int=\count183
\l__tl_analysis_normal_int=\count184
\l__tl_analysis_index_int=\count185
\l__tl_analysis_nesting_int=\count186
\l__tl_analysis_type_int=\count187
\l__regex_internal_a_int=\count188
\l__regex_internal_b_int=\count189
\l__regex_internal_c_int=\count190
\l__regex_balance_int=\count191
\l__regex_group_level_int=\count192
\l__regex_mode_int=\count193
\c__regex_cs_in_class_mode_int=\count194
\c__regex_cs_mode_int=\count195
\l__regex_catcodes_int=\count196
\l__regex_default_catcodes_int=\count197
\c__regex_catcode_D_int=\count198
\c__regex_catcode_S_int=\count199
\c__regex_catcode_L_int=\count266
\c__regex_catcode_O_int=\count267
\c__regex_catcode_A_int=\count268
\c__regex_all_catcodes_int=\count269
\l__regex_show_lines_int=\count270
\l__regex_min_state_int=\count271
\l__regex_max_state_int=\count272
\l__regex_left_state_int=\count273
\l__regex_right_state_int=\count274
\l__regex_capturing_group_int=\count275
\l__regex_min_pos_int=\count276
\l__regex_max_pos_int=\count277
\l__regex_curr_pos_int=\count278
\l__regex_start_pos_int=\count279
\l__regex_success_pos_int=\count280
\l__regex_curr_char_int=\count281
\l__regex_curr_catcode_int=\count282
\l__regex_last_char_int=\count283
\l__regex_case_changed_char_int=\count284
\l__regex_curr_state_int=\count285
\l__regex_step_int=\count286
\l__regex_min_active_int=\count287
\l__regex_max_active_int=\count288
\l__regex_replacement_csnames_int=\count289
\l__regex_match_count_int=\count290
\l__regex_min_submatch_int=\count291
\l__regex_submatch_int=\count292
\l__regex_zeroth_submatch_int=\count293
\g__regex_trace_regex_int=\count294
\c_empty_box=\box44
\l_tmpa_box=\box45
\l_tmpb_box=\box46
\g_tmpa_box=\box47
\g_tmpb_box=\box48
\l__box_top_dim=\dimen258
\l__box_bottom_dim=\dimen259
\l__box_left_dim=\dimen260
\l__box_right_dim=\dimen261
\l__box_top_new_dim=\dimen262
\l__box_bottom_new_dim=\dimen263
\l__box_left_new_dim=\dimen264
\l__box_right_new_dim=\dimen265
\l__box_internal_box=\box49
\l__coffin_internal_box=\box50
\l__coffin_internal_dim=\dimen266
\l__coffin_offset_x_dim=\dimen267
\l__coffin_offset_y_dim=\dimen268
\l__coffin_x_dim=\dimen269
\l__coffin_y_dim=\dimen270
\l__coffin_x_prime_dim=\dimen271
\l__coffin_y_prime_dim=\dimen272
\c_empty_coffin=\box51
\l__coffin_aligned_coffin=\box52
\l__coffin_aligned_internal_coffin=\box53
\l_tmpa_coffin=\box54
\l_tmpb_coffin=\box55
\g_tmpa_coffin=\box56
\g_tmpb_coffin=\box57
\l__coffin_bounding_shift_dim=\dimen273
\l__coffin_left_corner_dim=\dimen274
\l__coffin_right_corner_dim=\dimen275
\l__coffin_bottom_corner_dim=\dimen276
\l__coffin_top_corner_dim=\dimen277
\l__coffin_scaled_total_height_dim=\dimen278
\l__coffin_scaled_width_dim=\dimen279
\c__coffin_empty_coffin=\box58
\l__coffin_display_coffin=\box59
\l__coffin_display_coord_coffin=\box60
\l__coffin_display_pole_coffin=\box61
\l__coffin_display_offset_dim=\dimen280
\l__coffin_display_x_dim=\dimen281
\l__coffin_display_y_dim=\dimen282
\g__file_internal_ior=\read2
\l__seq_internal_a_int=\count295
\l__seq_internal_b_int=\count296
)
(C:\Users\milto\AppData\Roaming\MiKTeX\2.9\tex/latex/l3backend\l3backend-pdfmod
e.def
File: l3backend-pdfmode.def 2019-04-06 v L3 Experimental backend support: PDF m
ode
\l__kernel_color_stack_int=\count297
\l__pdf_internal_box=\box62
))
(C:\Users\milto\AppData\Roaming\MiKTeX\2.9\tex/latex/l3packages/xparse\xparse.s
ty
Package: xparse 2019-05-28 L3 Experimental document command parser
\l__xparse_current_arg_int=\count298
\g__xparse_grabber_int=\count299
\l__xparse_m_args_int=\count300
\l__xparse_v_nesting_int=\count301
)
Package: siunitx 2018/05/17 v2.7s A comprehensive (SI) units package

(C:\Users\milto\AppData\Roaming\MiKTeX\2.9\tex/latex/l3packages/l3keys2e\l3keys
2e.sty
Package: l3keys2e 2019-05-28 LaTeX2e option processing using LaTeX3 keys
)
\l__siunitx_tmp_box=\box63
\l__siunitx_tmp_dim=\dimen283
\l__siunitx_tmp_int=\count302
\l__siunitx_number_mantissa_length_int=\count303
\l__siunitx_number_uncert_length_int=\count304
\l__siunitx_round_int=\count305
\l__siunitx_process_decimal_int=\count306
\l__siunitx_process_uncertainty_int=\count307
\l__siunitx_process_fixed_int=\count308
\l__siunitx_process_integer_min_int=\count309
\l__siunitx_process_precision_int=\count310
\l__siunitx_group_min_int=\count311
\l__siunitx_angle_marker_box=\box64
\l__siunitx_angle_unit_box=\box65
\l__siunitx_angle_marker_dim=\dimen284
\l__siunitx_angle_unit_dim=\dimen285
\l__siunitx_unit_int=\count312
\l__siunitx_unit_denominator_int=\count313
\l__siunitx_unit_numerator_int=\count314
\l__siunitx_unit_prefix_int=\count315
\l__siunitx_unit_prefix_base_int=\count316
\l__siunitx_unit_prefix_gram_int=\count317
\l__siunitx_number_product_int=\count318
\c__siunitx_one_fill_skip=\skip68
\l__siunitx_table_unit_align_skip=\skip69
\l__siunitx_table_exponent_dim=\dimen286
\l__siunitx_table_integer_dim=\dimen287
\l__siunitx_table_mantissa_dim=\dimen288
\l__siunitx_table_marker_dim=\dimen289
\l__siunitx_table_result_dim=\dimen290
\l__siunitx_table_uncert_dim=\dimen291
\l__siunitx_table_fill_pre_dim=\dimen292
\l__siunitx_table_fill_post_dim=\dimen293
\l__siunitx_table_fill_mid_dim=\dimen294
\l__siunitx_table_pre_box=\box66
\l__siunitx_table_post_box=\box67
\l__siunitx_table_mantissa_box=\box68
\l__siunitx_table_result_box=\box69
\l__siunitx_table_number_align_skip=\skip70
\l__siunitx_table_text_align_skip=\skip71

(C:\Users\milto\AppData\Roaming\MiKTeX\2.9\tex/latex/translator\translator.sty
Package: translator 2019-05-31 v1.12a Easy translation of strings in LaTeX
)) (Ex4.aux
LaTeX Info: Redefining \. on input line 23.
LaTeX Info: Redefining \% on input line 23.
)
\openout1 = `Ex4.aux'.

LaTeX Font Info:    Checking defaults for OML/cmssm/m/it on input line 4.
LaTeX Font Info:    Try loading font information for OML+cmssm on input line 4.


(C:\Users\milto\AppData\Roaming\MiKTeX\2.9\tex/latex/sansmathfonts\omlcmssm.fd
File: omlcmssm.fd 2019/04/04
)
LaTeX Font Info:    ... okay on input line 4.
LaTeX Font Info:    Checking defaults for T1/cmr/m/n on input line 4.
LaTeX Font Info:    ... okay on input line 4.
LaTeX Font Info:    Checking defaults for OT1/cmr/m/n on input line 4.
LaTeX Font Info:    ... okay on input line 4.
LaTeX Font Info:    Checking defaults for OMS/cmsssy/m/n on input line 4.
LaTeX Font Info:    Try loading font information for OMS+cmsssy on input line 4
.

(C:\Users\milto\AppData\Roaming\MiKTeX\2.9\tex/latex/sansmathfonts\omscmsssy.fd
File: omscmsssy.fd 2019/04/04
)
LaTeX Font Info:    ... okay on input line 4.
LaTeX Font Info:    Checking defaults for OMX/cmssex/m/n on input line 4.
LaTeX Font Info:    Try loading font information for OMX+cmssex on input line 4
.

(C:\Users\milto\AppData\Roaming\MiKTeX\2.9\tex/latex/sansmathfonts\omxcmssex.fd
File: omxcmssex.fd 2019/06/10
)
LaTeX Font Info:    ... okay on input line 4.
LaTeX Font Info:    Checking defaults for U/xcmss/m/n on input line 4.
LaTeX Font Info:    Try loading font information for U+xcmss on input line 4.
 (C:\Users\milto\AppData\Roaming\MiKTeX\2.9\tex/latex/sansmathfonts\uxcmss.fd
File: uxcmss.fd 2019/04/04
)
LaTeX Font Info:    ... okay on input line 4.
LaTeX Font Info:    Checking defaults for PD1/pdf/m/n on input line 4.
LaTeX Font Info:    ... okay on input line 4.
LaTeX Font Info:    Try loading font information for OT1+xcmss on input line 4.

(C:\Users\milto\AppData\Roaming\MiKTeX\2.9\tex/latex/sansmathfonts\ot1xcmss.fd
File: ot1xcmss.fd 2019/04/04
)
LaTeX Info: Redefining \. on input line 4.
LaTeX Info: Redefining \% on input line 4.
*geometry* driver: auto-detecting
*geometry* detected driver: pdftex
*geometry* verbose mode - [ preamble ] result:
* driver: pdftex
* paper: a4paper
* layout: <same size as paper>
* layoutoffset:(h,v)=(0.0pt,0.0pt)
* modes: includehead 
* h-part:(L,W,R)=(71.13188pt, 455.24411pt, 71.13188pt)
* v-part:(T,H,B)=(71.13188pt, 702.78308pt, 71.13188pt)
* \paperwidth=597.50787pt
* \paperheight=845.04684pt
* \textwidth=455.24411pt
* \textheight=672.05412pt
* \oddsidemargin=-1.1381pt
* \evensidemargin=-1.1381pt
* \topmargin=-1.1381pt
* \headheight=13.65732pt
* \headsep=17.07164pt
* \topskip=11.0pt
* \footskip=19.91692pt
* \marginparwidth=50.0pt
* \marginparsep=10.0pt
* \columnsep=10.0pt
* \skip\footins=10.0pt plus 4.0pt minus 2.0pt
* \hoffset=0.0pt
* \voffset=0.0pt
* \mag=1000
* \@twocolumnfalse
* \@twosidefalse
* \@mparswitchfalse
* \@reversemarginfalse
* (1in=72.27pt=25.4mm, 1cm=28.453pt)

Package caption Info: Begin \AtBeginDocument code.
Package caption Info: float package is loaded.
Package caption Info: hyperref package is loaded.
Package caption Info: End \AtBeginDocument code.
\AtBeginShipoutBox=\box70
Package hyperref Info: Link coloring ON on input line 4.
("C:\Program Files\MiKTeX 2.9\tex/latex/hyperref\nameref.sty"
Package: nameref 2016/05/21 v2.44 Cross-referencing by name of section

("C:\Program Files\MiKTeX 2.9\tex/generic/oberdiek\gettitlestring.sty"
Package: gettitlestring 2016/05/16 v1.5 Cleanup title references (HO)
)
\c@section@level=\count319
)
LaTeX Info: Redefining \ref on input line 4.
LaTeX Info: Redefining \pageref on input line 4.
LaTeX Info: Redefining \nameref on input line 4.

(Ex4.out) (Ex4.out)
\@outlinefile=\write4
\openout4 = `Ex4.out'.

 ABD: EveryShipout initializing macros
(C:\Users\milto\AppData\Roaming\MiKTeX\2.9\tex/context/base/mkii\supp-pdf.mkii
[Loading MPS to PDF converter (version 2006.09.02).]
\scratchcounter=\count320
\scratchdimen=\dimen295
\scratchbox=\box71
\nofMPsegments=\count321
\nofMParguments=\count322
\everyMPshowfont=\toks39
\MPscratchCnt=\count323
\MPscratchDim=\dimen296
\MPnumerator=\count324
\makeMPintoPDFobject=\count325
\everyMPtoPDFconversion=\toks40
) ("C:\Program Files\MiKTeX 2.9\tex/latex/oberdiek\epstopdf-base.sty"
Package: epstopdf-base 2016/05/15 v2.6 Base part for package epstopdf

("C:\Program Files\MiKTeX 2.9\tex/latex/oberdiek\grfext.sty"
Package: grfext 2016/05/16 v1.2 Manage graphics extensions (HO)
)
Package epstopdf-base Info: Redefining graphics rule for `.eps' on input line 4
38.
Package grfext Info: Graphics extension search list:
(grfext)             [.pdf,.png,.jpg,.mps,.jpeg,.jbig2,.jb2,.PDF,.PNG,.JPG,.JPE
G,.JBIG2,.JB2,.eps]
(grfext)             \AppendGraphicsExtensions on input line 456.
)
Now handling font encoding TS1 ...
... processing UTF-8 mapping file for font encoding TS1

("C:\Program Files\MiKTeX 2.9\tex/latex/base\ts1enc.dfu"
File: ts1enc.dfu 2018/10/05 v1.2f UTF-8 support for inputenc
   defining Unicode char U+00A2 (decimal 162)
   defining Unicode char U+00A3 (decimal 163)
   defining Unicode char U+00A4 (decimal 164)
   defining Unicode char U+00A5 (decimal 165)
   defining Unicode char U+00A6 (decimal 166)
   defining Unicode char U+00A7 (decimal 167)
   defining Unicode char U+00A8 (decimal 168)
   defining Unicode char U+00A9 (decimal 169)
   defining Unicode char U+00AA (decimal 170)
   defining Unicode char U+00AC (decimal 172)
   defining Unicode char U+00AE (decimal 174)
   defining Unicode char U+00AF (decimal 175)
   defining Unicode char U+00B0 (decimal 176)
   defining Unicode char U+00B1 (decimal 177)
   defining Unicode char U+00B2 (decimal 178)
   defining Unicode char U+00B3 (decimal 179)
   defining Unicode char U+00B4 (decimal 180)
   defining Unicode char U+00B5 (decimal 181)
   defining Unicode char U+00B6 (decimal 182)
   defining Unicode char U+00B7 (decimal 183)
   defining Unicode char U+00B9 (decimal 185)
   defining Unicode char U+00BA (decimal 186)
   defining Unicode char U+00BC (decimal 188)
   defining Unicode char U+00BD (decimal 189)
   defining Unicode char U+00BE (decimal 190)
   defining Unicode char U+00D7 (decimal 215)
   defining Unicode char U+00F7 (decimal 247)
   defining Unicode char U+0192 (decimal 402)
   defining Unicode char U+02C7 (decimal 711)
   defining Unicode char U+02D8 (decimal 728)
   defining Unicode char U+02DD (decimal 733)
   defining Unicode char U+0E3F (decimal 3647)
   defining Unicode char U+2016 (decimal 8214)
   defining Unicode char U+2020 (decimal 8224)
   defining Unicode char U+2021 (decimal 8225)
   defining Unicode char U+2022 (decimal 8226)
   defining Unicode char U+2030 (decimal 8240)
   defining Unicode char U+2031 (decimal 8241)
   defining Unicode char U+203B (decimal 8251)
   defining Unicode char U+203D (decimal 8253)
   defining Unicode char U+2044 (decimal 8260)
   defining Unicode char U+204E (decimal 8270)
   defining Unicode char U+2052 (decimal 8274)
   defining Unicode char U+20A1 (decimal 8353)
   defining Unicode char U+20A4 (decimal 8356)
   defining Unicode char U+20A6 (decimal 8358)
   defining Unicode char U+20A9 (decimal 8361)
   defining Unicode char U+20AB (decimal 8363)
   defining Unicode char U+20AC (decimal 8364)
   defining Unicode char U+20B1 (decimal 8369)
   defining Unicode char U+2103 (decimal 8451)
   defining Unicode char U+2116 (decimal 8470)
   defining Unicode char U+2117 (decimal 8471)
   defining Unicode char U+211E (decimal 8478)
   defining Unicode char U+2120 (decimal 8480)
   defining Unicode char U+2122 (decimal 8482)
   defining Unicode char U+2126 (decimal 8486)
   defining Unicode char U+2127 (decimal 8487)
   defining Unicode char U+212E (decimal 8494)
   defining Unicode char U+2190 (decimal 8592)
   defining Unicode char U+2191 (decimal 8593)
   defining Unicode char U+2192 (decimal 8594)
   defining Unicode char U+2193 (decimal 8595)
   defining Unicode char U+2329 (decimal 9001)
   defining Unicode char U+232A (decimal 9002)
   defining Unicode char U+2422 (decimal 9250)
   defining Unicode char U+25E6 (decimal 9702)
   defining Unicode char U+25EF (decimal 9711)
   defining Unicode char U+266A (decimal 9834)
   defining Unicode char U+FEFF (decimal 65279)
)
(C:\Users\milto\AppData\Roaming\MiKTeX\2.9\tex/latex/translator\translator-basi
c-dictionary-English.dict
Dictionary: translator-basic-dictionary, Language: English 
)
(C:\Users\milto\AppData\Roaming\MiKTeX\2.9\tex/latex/siunitx\siunitx-abbreviati
ons.cfg
File: siunitx-abbreviations.cfg 2017/11/26 v2.7k siunitx: Abbreviated units
)
LaTeX Font Info:    Try loading font information for OT1+cmsmf on input line 4.


(C:\Users\milto\AppData\Roaming\MiKTeX\2.9\tex/latex/sansmathfonts\ot1cmsmf.fd
File: ot1cmsmf.fd 2019/04/04
)
<ampdediferencias.png, id=66, 655.69969pt x 234.8775pt>
File: ampdediferencias.png Graphic file (type png)
<use ampdediferencias.png>
Package pdftex.def Info: ampdediferencias.png  used on input line 14.
(pdftex.def)             Requested size: 327.84904pt x 117.43846pt.
LaTeX Font Info:    Font shape `OT1/cmsmf/m/it' in size <10.95> not available
(Font)              Font shape `OT1/cmsmf/m/sl' tried instead on input line 20.

LaTeX Font Info:    Font shape `OT1/cmsmf/m/it' in size <8> not available
(Font)              Font shape `OT1/cmsmf/m/sl' tried instead on input line 20.

LaTeX Font Info:    Font shape `OT1/cmsmf/m/it' in size <6> not available
(Font)              Font shape `OT1/cmsmf/m/sl' tried instead on input line 20.

[1

{C:/Users/milto/AppData/Local/MiKTeX/2.9/pdftex/config/pdftex.map} <./ampdedife
rencias.png>]
LaTeX Font Info:    Try loading font information for OMS+xcmss on input line 77
.
LaTeX Font Info:    No file OMSxcmss.fd. on input line 77.


LaTeX Font Warning: Font shape `OMS/xcmss/m/n' undefined
(Font)              using `OMS/cmsssy/m/n' instead
(Font)              for symbol `textbullet' on input line 77.

<circcatedra.png, id=94, 420.06938pt x 301.125pt>
File: circcatedra.png Graphic file (type png)
<use circcatedra.png>
Package pdftex.def Info: circcatedra.png  used on input line 86.
(pdftex.def)             Requested size: 210.03418pt x 150.56212pt.
[2 <./circcatedra.png>] [3]

pdfTeX warning: pdflatex (file ./ModoCOMunMONTECARLO-MAGNITUD.pdf): PDF inclusi
on: found PDF version <1.7>, but at most version <1.5> allowed
<ModoCOMunMONTECARLO-MAGNITUD.pdf, id=113, 845.07724pt x 597.55246pt>
File: ModoCOMunMONTECARLO-MAGNITUD.pdf Graphic file (type pdf)
<use ModoCOMunMONTECARLO-MAGNITUD.pdf>
Package pdftex.def Info: ModoCOMunMONTECARLO-MAGNITUD.pdf  used on input line 1
37.
(pdftex.def)             Requested size: 422.53758pt x 298.7755pt.


pdfTeX warning: pdflatex (file ./ModoCOMunMONTECARLO-FASE.pdf): PDF inclusion: 
found PDF version <1.7>, but at most version <1.5> allowed
<ModoCOMunMONTECARLO-FASE.pdf, id=114, 845.07724pt x 597.55246pt>
File: ModoCOMunMONTECARLO-FASE.pdf Graphic file (type pdf)
<use ModoCOMunMONTECARLO-FASE.pdf>
Package pdftex.def Info: ModoCOMunMONTECARLO-FASE.pdf  used on input line 145.
(pdftex.def)             Requested size: 422.53758pt x 298.7755pt.
[4 <./ModoCOMunMONTECARLO-MAGNITUD.pdf>]

pdfTeX warning: pdflatex (file ./ModoDIFerencialMONTECARLO.pdf): PDF inclusion:
 found PDF version <1.7>, but at most version <1.5> allowed
<ModoDIFerencialMONTECARLO.pdf, id=130, 845.07724pt x 597.55246pt>
File: ModoDIFerencialMONTECARLO.pdf Graphic file (type pdf)
<use ModoDIFerencialMONTECARLO.pdf>
Package pdftex.def Info: ModoDIFerencialMONTECARLO.pdf  used on input line 153.

(pdftex.def)             Requested size: 422.53758pt x 298.7755pt.
[5 <./ModoCOMunMONTECARLO-FASE.pdf>]
<Bode-DIFerencial.png, id=145, 560.0925pt x 426.393pt>
File: Bode-DIFerencial.png Graphic file (type png)
<use Bode-DIFerencial.png>
Package pdftex.def Info: Bode-DIFerencial.png  used on input line 164.
(pdftex.def)             Requested size: 336.05809pt x 255.83777pt.
 [6 <./ModoDIFerencialMONTECARLO.pdf>]
<puente.png, id=160, 143.78719pt x 115.18031pt>
File: puente.png Graphic file (type png)
<use puente.png>
Package pdftex.def Info: puente.png  used on input line 175.
(pdftex.def)             Requested size: 86.27296pt x 69.1087pt.

[7 <./Bode-DIFerencial.png> <./puente.png>] [8]
Package atveryend Info: Empty hook `BeforeClearDocument' on input line 229.
Package atveryend Info: Empty hook `AfterLastShipout' on input line 229.
 (Ex4.aux
LaTeX Info: Redefining \. on input line 23.
LaTeX Info: Redefining \% on input line 23.
)
Package atveryend Info: Executing hook `AtVeryEndDocument' on input line 229.
Package atveryend Info: Executing hook `AtEndAfterFileList' on input line 229.


Package rerunfilecheck Warning: File `Ex4.out' has changed.
(rerunfilecheck)                Rerun to get outlines right
(rerunfilecheck)                or use package `bookmark'.

Package rerunfilecheck Info: Checksums for `Ex4.out':
(rerunfilecheck)             Before: D635F41E6B63DB5E03050E1A892F0D93;1086
(rerunfilecheck)             After:  1B92B746865B8E0968CCD61EDA1B5659;1153.

LaTeX Font Warning: Some font shapes were not available, defaults substituted.


LaTeX Warning: Label(s) may have changed. Rerun to get cross-references right.

Package atveryend Info: Empty hook `AtVeryVeryEnd' on input line 229.
 ) 
Here is how much of TeX's memory you used:
 31752 strings out of 492969
 624865 string characters out of 3134438
 661072 words of memory out of 3000000
 35130 multiletter control sequences out of 15000+200000
 552162 words of font info for 96 fonts, out of 3000000 for 9000
 1141 hyphenation exceptions out of 8191
 57i,12n,63p,623b,814s stack positions out of 5000i,500n,10000p,200000b,50000s
<C:/Program Files/MiKTeX 2.9/fonts/type1/public/amsfonts/cm/cmss10.pfb><C:/Pr
ogram Files/MiKTeX 2.9/fonts/type1/public/amsfonts/cm/cmss8.pfb><C:/Program Fil
es/MiKTeX 2.9/fonts/type1/public/amsfonts/cm/cmssbx10.pfb><C:/Users/milto/AppDa
ta/Roaming/MiKTeX/2.9/fonts/type1/public/sansmathfonts/cmssbx12.pfb><C:/Users/m
ilto/AppData/Roaming/MiKTeX/2.9/fonts/type1/public/sansmathfonts/cmssbx17.pfb><
C:/Users/milto/AppData/Roaming/MiKTeX/2.9/fonts/type1/public/sansmathfonts/cmss
csc10.pfb><C:/Users/milto/AppData/Roaming/MiKTeX/2.9/fonts/type1/public/sansmat
hfonts/cmssex10.pfb><C:/Program Files/MiKTeX 2.9/fonts/type1/public/amsfonts/cm
/cmssi10.pfb><C:/Program Files/MiKTeX 2.9/fonts/type1/public/amsfonts/cm/cmssi8
.pfb><C:/Users/milto/AppData/Roaming/MiKTeX/2.9/fonts/type1/public/sansmathfont
s/cmssmi10.pfb><C:/Users/milto/AppData/Roaming/MiKTeX/2.9/fonts/type1/public/sa
nsmathfonts/cmssmi7.pfb><C:/Users/milto/AppData/Roaming/MiKTeX/2.9/fonts/type1/
public/sansmathfonts/cmssmi8.pfb><C:/Users/milto/AppData/Roaming/MiKTeX/2.9/fon
ts/type1/public/sansmathfonts/cmsssy10.pfb>
Output written on Ex4.pdf (8 pages, 9286227 bytes).
PDF statistics:
 235 PDF objects out of 1000 (max. 8388607)
 47 named destinations out of 1000 (max. 500000)
 168 words of extra memory for PDF output out of 10000 (max. 10000000)

