Change Component Comment : Designator=R1 Old Comment=3k New Comment=3k3
Change Component Comment : Designator=R3 Old Comment=3k New Comment=3k3
Change Component Comment : Designator=R4 Old Comment=3k New Comment=3k3
Change Component Comment : Designator=R8 Old Comment=3k New Comment=3k3
Change Component Comment : Designator=GND Old Comment=TP New Comment=PIN
Change Component Comment : Designator=GND Old Comment=TP New Comment=PIN
Change Component Comment : Designator=IN Old Comment=TP New Comment=PIN
Change Component Comment : Designator=OUT Old Comment=TP New Comment=PIN
Change Component Description : Designator=POWER Old Description= New Description=Alojamiento Polarizado Macho Placa 3 vias
Change Component Description : Designator=SIGNAL Old Description= New Description=Alojamiento Polarizado Macho Placa 3 vias
Change Component Description : Designator=C+Vcc Old Description= New Description=Capactiro Multicapa
Change Component Description : Designator=C-Vcc Old Description= New Description=Capactiro Multicapa
Change Component Description : Designator=GND Old Description= New Description=PIN macho
Change Component Description : Designator=GND Old Description= New Description=PIN macho
Change Component Description : Designator=IN Old Description= New Description=PIN macho
Change Component Description : Designator=OUT Old Description= New Description=PIN macho
Change Component Description : Designator=R3 Old Description= New Description=Resistencia metal fil 10%
Change Component Description : Designator=R4 Old Description= New Description=Resistencia metal fil 10%
Change Component Description : Designator=R8 Old Description= New Description=Resistencia metal fil 10%
Change Component Description : Designator=R1 Old Description=GIC Z1 New Description=Resistencia metal fil 10%
Added Component: Designator=C2_a(CAP200)
Add component. Clean all parameters for all variants
Added Component: Designator=C2_b(CAP200)
Add component. Clean all parameters for all variants
Added Component: Designator=C6_a(CAP200)
Add component. Clean all parameters for all variants
Added Component: Designator=C6_b(CAP200)
Add component. Clean all parameters for all variants
Added Component: Designator=R6_a(RES400)
Add component. Clean all parameters for all variants
Added Component: Designator=R6_b(RES400)
Add component. Clean all parameters for all variants
Added Pin To Net: NetName=NetC2_a_1 Pin=C2_a-1
Added Pin To Net: NetName=NetC2_a_2 Pin=C2_b-2
Added Pin To Net: NetName=VGIC Pin=C6_a-1
Added Pin To Net: NetName=GND Pin=C6_b-2
Added Pin To Net: NetName=Vin Pin=R6_a-1
Added Pin To Net: NetName=VGIC Pin=R6_b-2
Change Net Name : Old Net Name=NetC2_a_2 New Net Name=NetC2_b_2
Added Pin To Net: NetName=NetC2_a_2 Pin=C2_a-2
Added Pin To Net: NetName=NetC2_a_2 Pin=C2_b-1
Added Net: Name=NetC2_a_2
Added Pin To Net: NetName=NetC6_a_2 Pin=C6_a-2
Added Pin To Net: NetName=NetC6_a_2 Pin=C6_b-1
Added Net: Name=NetC6_a_2
Added Pin To Net: NetName=NetR6_a_2 Pin=R6_a-2
Added Pin To Net: NetName=NetR6_a_2 Pin=R6_b-1
Added Net: Name=NetR6_a_2
Added Member To Class: ClassName=Esquematico_TP3_parte1 Member=Component C2_a 0.027u o 27n
Added Member To Class: ClassName=Esquematico_TP3_parte1 Member=Component C2_b 0.027u o 27n
Added Member To Class: ClassName=Esquematico_TP3_parte1 Member=Component C6_a 0.027u o 27n
Added Member To Class: ClassName=Esquematico_TP3_parte1 Member=Component C6_b 0.180u o 180n
Added Member To Class: ClassName=Esquematico_TP3_parte1 Member=Component GND PIN
Added Member To Class: ClassName=Esquematico_TP3_parte1 Member=Component POWER MOLEX3
Added Member To Class: ClassName=Esquematico_TP3_parte1 Member=Component R6_a 12k
Added Member To Class: ClassName=Esquematico_TP3_parte1 Member=Component R6_b 1k2
Added Room: Name=Esquematico_TP3_parte1
