Added Component: Designator=C1(CAP100)
Add component. Clean all parameters for all variants
Added Component: Designator=J1(BORNERA2)
Add component. Clean all parameters for all variants
Added Component: Designator=J?(SIP4)
Add component. Clean all parameters for all variants
Added Component: Designator=J?(SIP2)
Add component. Clean all parameters for all variants
Added Component: Designator=R1(RES400)
Add component. Clean all parameters for all variants
Added Component: Designator=R2(RES400)
Add component. Clean all parameters for all variants
Added Component: Designator=R3(RES400)
Add component. Clean all parameters for all variants
Added Component: Designator=R4(RES400)
Add component. Clean all parameters for all variants
Added Component: Designator=U1(DIP8)
Add component. Clean all parameters for all variants
Added Pin To Net: NetName=+VCC Pin=C1-1
Added Pin To Net: NetName=+VCC Pin=J1-1
Added Pin To Net: NetName=+VCC Pin=J?-3
Added Pin To Net: NetName=+VCC Pin=U1-8
Added Net: Name=+VCC
Added Pin To Net: NetName=GND Pin=C1-2
Added Pin To Net: NetName=GND Pin=J1-2
Added Pin To Net: NetName=GND Pin=J?-1
Added Pin To Net: NetName=GND Pin=J?-2
Added Pin To Net: NetName=GND Pin=R1-1
Added Pin To Net: NetName=GND Pin=U1-4
Added Net: Name=GND
Added Pin To Net: NetName=NetR1_2 Pin=R1-2
Added Pin To Net: NetName=NetR1_2 Pin=R2-1
Added Pin To Net: NetName=NetR1_2 Pin=U1-2
Added Net: Name=NetR1_2
Added Pin To Net: NetName=NetR2_2 Pin=R2-2
Added Pin To Net: NetName=NetR2_2 Pin=R3-1
Added Pin To Net: NetName=NetR2_2 Pin=U1-1
Added Net: Name=NetR2_2
Added Pin To Net: NetName=NetR3_2 Pin=R3-2
Added Pin To Net: NetName=NetR3_2 Pin=R4-1
Added Pin To Net: NetName=NetR3_2 Pin=U1-6
Added Net: Name=NetR3_2
Added Pin To Net: NetName=V1 Pin=J?-4
Added Pin To Net: NetName=V1 Pin=U1-3
Added Net: Name=V1
Added Pin To Net: NetName=V2 Pin=J?-2
Added Pin To Net: NetName=V2 Pin=U1-5
Added Net: Name=V2
Added Pin To Net: NetName=Vout Pin=J?-1
Added Pin To Net: NetName=Vout Pin=R4-2
Added Pin To Net: NetName=Vout Pin=U1-7
Added Net: Name=Vout
Added Class: Name=Sheet1
