Added Component: Designator=BufferGyrator BP(J014)
Added Component: Designator=BufferGyrator BR(J014)
Added Component: Designator=BufferGyrator HP(J014)
Added Component: Designator=BufferGyrator LP(J014)
Added Component: Designator=CapRLC BP(C0805)
Added Component: Designator=CapRLC BR(C0805)
Added Component: Designator=CapRLC HP(C0805)
Added Component: Designator=CapRLC  LP(C0805)
Added Component: Designator=CGyrator1 BP(C0805)
Added Component: Designator=CGyrator1 BP(C0805)
Added Component: Designator=CGyrator1(C0805)
Added Component: Designator=CGyrator HP(C0805)
Added Component: Designator=CGyrator LP(C0805)
Added Component: Designator=GND BP(PIN1)
Added Component: Designator=GND BP(PIN1)
Added Component: Designator=GND BR (PIN1)
Added Component: Designator=GND BR(PIN1)
Added Component: Designator=GND HP (PIN1)
Added Component: Designator=GND HP(PIN1)
Added Component: Designator=GND  LP(PIN1)
Added Component: Designator=ResRLC BP(6-0805_M)
Added Component: Designator=ResRLC BR(6-0805_M)
Added Component: Designator=ResRLC HP(6-0805_M)
Added Component: Designator=ResRLC  LP(6-0805_M)
Added Component: Designator=RGyrator BP(6-0805_M)
Added Component: Designator=RGyrator BR(6-0805_M)
Added Component: Designator=RGyrator HP(6-0805_M)
Added Component: Designator=RGyratorInput BP(6-0805_M)
Added Component: Designator=RGyratorInput BR(6-0805_M)
Added Component: Designator=RGyratorInput HP(6-0805_M)
Added Component: Designator=RGyratorInput LP(6-0805_M)
Added Component: Designator=RGyrator LP(6-0805_M)
Added Component: Designator=Vin BP(PIN1)
Added Component: Designator=Vin BR(PIN1)
Added Component: Designator=Vin  HP(PIN1)
Added Component: Designator=Vin  LP(PIN1)
Added Component: Designator=Vout BP(PIN1)
Added Component: Designator=Vout  BR(PIN1)
Added Component: Designator=VoutC+  LP(PIN1)
Added Component: Designator=VoutC-  LP(PIN1)
Added Component: Designator=Vout HP(PIN1)
Added Pin To Net: NetName=GND Pin=CapRLC BP-1
Added Pin To Net: NetName=GND Pin=CapRLC BR-1
Added Pin To Net: NetName=GND Pin=GND BP-1
Added Pin To Net: NetName=GND Pin=GND BP-1
Added Pin To Net: NetName=GND Pin=GND BR -1
Added Pin To Net: NetName=GND Pin=GND BR-1
Added Pin To Net: NetName=GND Pin=GND HP -1
Added Pin To Net: NetName=GND Pin=GND HP-1
Added Pin To Net: NetName=GND Pin=GND  LP-1
Added Pin To Net: NetName=GND Pin=RGyrator BP-2
Added Pin To Net: NetName=GND Pin=RGyrator BR-2
Added Pin To Net: NetName=GND Pin=RGyrator HP-2
Added Pin To Net: NetName=GND Pin=RGyrator LP-2
Added Net: Name=GND
Added Pin To Net: NetName=NetBufferGyrator BP_12 Pin=BufferGyrator BP-12
Added Pin To Net: NetName=NetBufferGyrator BP_12 Pin=CGyrator1 BP-1
Added Pin To Net: NetName=NetBufferGyrator BP_12 Pin=CGyrator1 BP-1
Added Pin To Net: NetName=NetBufferGyrator BP_12 Pin=RGyrator BP-1
Added Net: Name=NetBufferGyrator BP_12
Added Pin To Net: NetName=NetBufferGyrator BP_13 Pin=BufferGyrator BP-13
Added Pin To Net: NetName=NetBufferGyrator BP_13 Pin=RGyratorInput BP-1
Added Net: Name=NetBufferGyrator BP_13
Added Pin To Net: NetName=NetBufferGyrator BR_12 Pin=BufferGyrator BR-12
Added Pin To Net: NetName=NetBufferGyrator BR_12 Pin=CGyrator1-1
Added Pin To Net: NetName=NetBufferGyrator BR_12 Pin=RGyrator BR-1
Added Net: Name=NetBufferGyrator BR_12
Added Pin To Net: NetName=NetBufferGyrator BR_13 Pin=BufferGyrator BR-13
Added Pin To Net: NetName=NetBufferGyrator BR_13 Pin=RGyratorInput BR-1
Added Net: Name=NetBufferGyrator BR_13
Added Pin To Net: NetName=NetBufferGyrator HP_12 Pin=BufferGyrator HP-12
Added Pin To Net: NetName=NetBufferGyrator HP_12 Pin=CGyrator HP-1
Added Pin To Net: NetName=NetBufferGyrator HP_12 Pin=RGyrator HP-1
Added Net: Name=NetBufferGyrator HP_12
Added Pin To Net: NetName=NetBufferGyrator HP_13 Pin=BufferGyrator HP-13
Added Pin To Net: NetName=NetBufferGyrator HP_13 Pin=RGyratorInput HP-1
Added Net: Name=NetBufferGyrator HP_13
Added Pin To Net: NetName=NetBufferGyrator LP_12 Pin=BufferGyrator LP-12
Added Pin To Net: NetName=NetBufferGyrator LP_12 Pin=CGyrator LP-1
Added Pin To Net: NetName=NetBufferGyrator LP_12 Pin=RGyrator LP-1
Added Net: Name=NetBufferGyrator LP_12
Added Pin To Net: NetName=NetBufferGyrator LP_13 Pin=BufferGyrator LP-13
Added Pin To Net: NetName=NetBufferGyrator LP_13 Pin=RGyratorInput LP-1
Added Net: Name=NetBufferGyrator LP_13
Added Pin To Net: NetName=NetCapRLC BP_2 Pin=CapRLC BP-2
Added Pin To Net: NetName=NetCapRLC BP_2 Pin=CGyrator1 BP-2
Added Pin To Net: NetName=NetCapRLC BP_2 Pin=CGyrator1 BP-2
Added Pin To Net: NetName=NetCapRLC BP_2 Pin=ResRLC BP-2
Added Pin To Net: NetName=NetCapRLC BP_2 Pin=RGyratorInput BP-2
Added Pin To Net: NetName=NetCapRLC BP_2 Pin=Vout BP-1
Added Net: Name=NetCapRLC BP_2
Added Pin To Net: NetName=NetCapRLC BR_2 Pin=CapRLC BR-2
Added Pin To Net: NetName=NetCapRLC BR_2 Pin=CGyrator1-2
Added Pin To Net: NetName=NetCapRLC BR_2 Pin=ResRLC BR-2
Added Pin To Net: NetName=NetCapRLC BR_2 Pin=RGyratorInput BR-2
Added Pin To Net: NetName=NetCapRLC BR_2 Pin=Vout  BR-1
Added Net: Name=NetCapRLC BR_2
Added Pin To Net: NetName=NetCapRLC HP_1 Pin=CapRLC HP-1
Added Pin To Net: NetName=NetCapRLC HP_1 Pin=CGyrator HP-2
Added Pin To Net: NetName=NetCapRLC HP_1 Pin=RGyratorInput HP-2
Added Pin To Net: NetName=NetCapRLC HP_1 Pin=Vout HP-1
Added Net: Name=NetCapRLC HP_1
Added Pin To Net: NetName=NetCapRLC HP_2 Pin=CapRLC HP-2
Added Pin To Net: NetName=NetCapRLC HP_2 Pin=ResRLC HP-2
Added Net: Name=NetCapRLC HP_2
Added Pin To Net: NetName=NetCapRLC  LP_1 Pin=CapRLC  LP-1
Added Pin To Net: NetName=NetCapRLC  LP_1 Pin=CGyrator LP-2
Added Pin To Net: NetName=NetCapRLC  LP_1 Pin=RGyratorInput LP-2
Added Pin To Net: NetName=NetCapRLC  LP_1 Pin=VoutC-  LP-1
Added Net: Name=NetCapRLC  LP_1
Added Pin To Net: NetName=NetCapRLC  LP_2 Pin=CapRLC  LP-2
Added Pin To Net: NetName=NetCapRLC  LP_2 Pin=ResRLC  LP-2
Added Pin To Net: NetName=NetCapRLC  LP_2 Pin=VoutC+  LP-1
Added Net: Name=NetCapRLC  LP_2
Added Pin To Net: NetName=NetResRLC BP_1 Pin=ResRLC BP-1
Added Pin To Net: NetName=NetResRLC BP_1 Pin=Vin BP-1
Added Net: Name=NetResRLC BP_1
Added Pin To Net: NetName=NetResRLC BR_1 Pin=ResRLC BR-1
Added Pin To Net: NetName=NetResRLC BR_1 Pin=Vin BR-1
Added Net: Name=NetResRLC BR_1
Added Pin To Net: NetName=NetResRLC HP_1 Pin=ResRLC HP-1
Added Pin To Net: NetName=NetResRLC HP_1 Pin=Vin  HP-1
Added Net: Name=NetResRLC HP_1
Added Pin To Net: NetName=NetResRLC  LP_1 Pin=ResRLC  LP-1
Added Pin To Net: NetName=NetResRLC  LP_1 Pin=Vin  LP-1
Added Net: Name=NetResRLC  LP_1
Added Pin To Net: NetName=VCC+ Pin=BufferGyrator BP-4
Added Pin To Net: NetName=VCC+ Pin=BufferGyrator BR-4
Added Pin To Net: NetName=VCC+ Pin=BufferGyrator HP-4
Added Pin To Net: NetName=VCC+ Pin=BufferGyrator LP-4
Added Net: Name=VCC+
Added Pin To Net: NetName=VCC- Pin=BufferGyrator BP-11
Added Pin To Net: NetName=VCC- Pin=BufferGyrator BR-11
Added Pin To Net: NetName=VCC- Pin=BufferGyrator HP-11
Added Pin To Net: NetName=VCC- Pin=BufferGyrator LP-11
Added Net: Name=VCC-
Added Class: Name=PasaAltos(HP)
Added Class: Name=PasaBajo(LP)
Added Class: Name=PasaBanda(BP)
Added Class: Name=RechazaBanda(BR)
Added Room: Name=PasaAltos(HP)
Added Room: Name=PasaBajo(LP)
Added Room: Name=PasaBanda(BP)
Added Room: Name=RechazaBanda(BR)
